[1.415s] Invoking command in '/home/orinnano/Desktop/IAST_stuff_2_test/src/four_diff_drive_description': PYTHONPATH=/home/orinnano/Desktop/IAST_stuff_2_test/build/four_diff_drive_description/prefix_override:/usr/lib/python3/dist-packages/colcon_core/task/python/colcon_distutils_commands:/home/orinnano/Desktop/IAST_stuff_2_test/install/four_diff_drive_description/lib/python3.10/site-packages:${PYTHONPATH} /usr/bin/python3 -W ignore:setup.py install is deprecated setup.py egg_info --egg-base ../../build/four_diff_drive_description build --build-base /home/orinnano/Desktop/IAST_stuff_2_test/build/four_diff_drive_description/build install --record /home/orinnano/Desktop/IAST_stuff_2_test/build/four_diff_drive_description/install.log --single-version-externally-managed install_data
[1.961s] running egg_info
[1.962s] writing ../../build/four_diff_drive_description/four_diff_drive_description.egg-info/PKG-INFO
[1.963s] writing dependency_links to ../../build/four_diff_drive_description/four_diff_drive_description.egg-info/dependency_links.txt
[1.963s] writing entry points to ../../build/four_diff_drive_description/four_diff_drive_description.egg-info/entry_points.txt
[1.964s] writing requirements to ../../build/four_diff_drive_description/four_diff_drive_description.egg-info/requires.txt
[1.964s] writing top-level names to ../../build/four_diff_drive_description/four_diff_drive_description.egg-info/top_level.txt
[1.968s] reading manifest file '../../build/four_diff_drive_description/four_diff_drive_description.egg-info/SOURCES.txt'
[1.971s] writing manifest file '../../build/four_diff_drive_description/four_diff_drive_description.egg-info/SOURCES.txt'
[1.971s] running build
[1.971s] running build_py
[1.971s] running install
[1.972s] running install_lib
[1.975s] running install_data
[1.975s] copying urdf/four_diff_drive.urdf -> /home/orinnano/Desktop/IAST_stuff_2_test/install/four_diff_drive_description/share/four_diff_drive_description/urdf
[1.976s] running install_egg_info
[1.982s] removing '/home/orinnano/Desktop/IAST_stuff_2_test/install/four_diff_drive_description/lib/python3.10/site-packages/four_diff_drive_description-0.0.0-py3.10.egg-info' (and everything under it)
[1.983s] Copying ../../build/four_diff_drive_description/four_diff_drive_description.egg-info to /home/orinnano/Desktop/IAST_stuff_2_test/install/four_diff_drive_description/lib/python3.10/site-packages/four_diff_drive_description-0.0.0-py3.10.egg-info
[1.985s] running install_scripts
[2.025s] Installing robot_mover script to /home/orinnano/Desktop/IAST_stuff_2_test/install/four_diff_drive_description/lib/four_diff_drive_description
[2.026s] writing list of installed files to '/home/orinnano/Desktop/IAST_stuff_2_test/build/four_diff_drive_description/install.log'
[2.097s] Invoked command in '/home/orinnano/Desktop/IAST_stuff_2_test/src/four_diff_drive_description' returned '0': PYTHONPATH=/home/orinnano/Desktop/IAST_stuff_2_test/build/four_diff_drive_description/prefix_override:/usr/lib/python3/dist-packages/colcon_core/task/python/colcon_distutils_commands:/home/orinnano/Desktop/IAST_stuff_2_test/install/four_diff_drive_description/lib/python3.10/site-packages:${PYTHONPATH} /usr/bin/python3 -W ignore:setup.py install is deprecated setup.py egg_info --egg-base ../../build/four_diff_drive_description build --build-base /home/orinnano/Desktop/IAST_stuff_2_test/build/four_diff_drive_description/build install --record /home/orinnano/Desktop/IAST_stuff_2_test/build/four_diff_drive_description/install.log --single-version-externally-managed install_data
