[1.619s] Invoking command in '/home/orinnano256/Desktop/Ign_issac_ros/src/four_diff_drive_description': PYTHONPATH=/home/orinnano256/Desktop/Ign_issac_ros/build/four_diff_drive_description/prefix_override:/usr/lib/python3/dist-packages/colcon_core/task/python/colcon_distutils_commands:/home/orinnano256/Desktop/Ign_issac_ros/install/four_diff_drive_description/lib/python3.10/site-packages:${PYTHONPATH} /usr/bin/python3 -W ignore:setup.py install is deprecated setup.py egg_info --egg-base ../../build/four_diff_drive_description build --build-base /home/orinnano256/Desktop/Ign_issac_ros/build/four_diff_drive_description/build install --record /home/orinnano256/Desktop/Ign_issac_ros/build/four_diff_drive_description/install.log --single-version-externally-managed install_data
[2.109s] running egg_info
[2.110s] creating ../../build/four_diff_drive_description/four_diff_drive_description.egg-info
[2.110s] writing ../../build/four_diff_drive_description/four_diff_drive_description.egg-info/PKG-INFO
[2.111s] writing dependency_links to ../../build/four_diff_drive_description/four_diff_drive_description.egg-info/dependency_links.txt
[2.111s] writing entry points to ../../build/four_diff_drive_description/four_diff_drive_description.egg-info/entry_points.txt
[2.111s] writing requirements to ../../build/four_diff_drive_description/four_diff_drive_description.egg-info/requires.txt
[2.111s] writing top-level names to ../../build/four_diff_drive_description/four_diff_drive_description.egg-info/top_level.txt
[2.112s] writing manifest file '../../build/four_diff_drive_description/four_diff_drive_description.egg-info/SOURCES.txt'
[2.115s] reading manifest file '../../build/four_diff_drive_description/four_diff_drive_description.egg-info/SOURCES.txt'
[2.117s] writing manifest file '../../build/four_diff_drive_description/four_diff_drive_description.egg-info/SOURCES.txt'
[2.118s] running build
[2.118s] running build_py
[2.118s] creating /home/orinnano256/Desktop/Ign_issac_ros/build/four_diff_drive_description/build
[2.118s] creating /home/orinnano256/Desktop/Ign_issac_ros/build/four_diff_drive_description/build/lib
[2.118s] creating /home/orinnano256/Desktop/Ign_issac_ros/build/four_diff_drive_description/build/lib/four_diff_drive_description
[2.118s] copying four_diff_drive_description/key_control.py -> /home/orinnano256/Desktop/Ign_issac_ros/build/four_diff_drive_description/build/lib/four_diff_drive_description
[2.119s] copying four_diff_drive_description/__init__.py -> /home/orinnano256/Desktop/Ign_issac_ros/build/four_diff_drive_description/build/lib/four_diff_drive_description
[2.119s] running install
[2.120s] running install_lib
[2.122s] creating /home/orinnano256/Desktop/Ign_issac_ros/install/four_diff_drive_description/lib/python3.10/site-packages/four_diff_drive_description
[2.122s] copying /home/orinnano256/Desktop/Ign_issac_ros/build/four_diff_drive_description/build/lib/four_diff_drive_description/key_control.py -> /home/orinnano256/Desktop/Ign_issac_ros/install/four_diff_drive_description/lib/python3.10/site-packages/four_diff_drive_description
[2.122s] copying /home/orinnano256/Desktop/Ign_issac_ros/build/four_diff_drive_description/build/lib/four_diff_drive_description/__init__.py -> /home/orinnano256/Desktop/Ign_issac_ros/install/four_diff_drive_description/lib/python3.10/site-packages/four_diff_drive_description
[2.123s] byte-compiling /home/orinnano256/Desktop/Ign_issac_ros/install/four_diff_drive_description/lib/python3.10/site-packages/four_diff_drive_description/key_control.py to key_control.cpython-310.pyc
[2.124s] byte-compiling /home/orinnano256/Desktop/Ign_issac_ros/install/four_diff_drive_description/lib/python3.10/site-packages/four_diff_drive_description/__init__.py to __init__.cpython-310.pyc
[2.125s] running install_data
[2.125s] creating /home/orinnano256/Desktop/Ign_issac_ros/install/four_diff_drive_description/share/ament_index
[2.125s] creating /home/orinnano256/Desktop/Ign_issac_ros/install/four_diff_drive_description/share/ament_index/resource_index
[2.125s] creating /home/orinnano256/Desktop/Ign_issac_ros/install/four_diff_drive_description/share/ament_index/resource_index/packages
[2.125s] copying resource/four_diff_drive_description -> /home/orinnano256/Desktop/Ign_issac_ros/install/four_diff_drive_description/share/ament_index/resource_index/packages
[2.125s] copying package.xml -> /home/orinnano256/Desktop/Ign_issac_ros/install/four_diff_drive_description/share/four_diff_drive_description
[2.126s] creating /home/orinnano256/Desktop/Ign_issac_ros/install/four_diff_drive_description/share/four_diff_drive_description/launch
[2.126s] copying launch/online_async_slam_toolbox.launch.py -> /home/orinnano256/Desktop/Ign_issac_ros/install/four_diff_drive_description/share/four_diff_drive_description/launch
[2.126s] copying launch/navigation2.launch.py -> /home/orinnano256/Desktop/Ign_issac_ros/install/four_diff_drive_description/share/four_diff_drive_description/launch
[2.126s] copying launch/ros_ign_bridge.launch.py -> /home/orinnano256/Desktop/Ign_issac_ros/install/four_diff_drive_description/share/four_diff_drive_description/launch
[2.126s] copying launch/display.launch.py -> /home/orinnano256/Desktop/Ign_issac_ros/install/four_diff_drive_description/share/four_diff_drive_description/launch
[2.127s] copying launch/gazebo.launch.py -> /home/orinnano256/Desktop/Ign_issac_ros/install/four_diff_drive_description/share/four_diff_drive_description/launch
[2.127s] creating /home/orinnano256/Desktop/Ign_issac_ros/install/four_diff_drive_description/share/four_diff_drive_description/urdf
[2.127s] copying urdf/four_diff_drive.urdf -> /home/orinnano256/Desktop/Ign_issac_ros/install/four_diff_drive_description/share/four_diff_drive_description/urdf
[2.127s] copying urdf/four_diff_drive.gazebo -> /home/orinnano256/Desktop/Ign_issac_ros/install/four_diff_drive_description/share/four_diff_drive_description/urdf
[2.127s] copying urdf/four_diff_drive.xacro -> /home/orinnano256/Desktop/Ign_issac_ros/install/four_diff_drive_description/share/four_diff_drive_description/urdf
[2.128s] copying urdf/four_diff_drive.trans -> /home/orinnano256/Desktop/Ign_issac_ros/install/four_diff_drive_description/share/four_diff_drive_description/urdf
[2.128s] copying urdf/materials.xacro -> /home/orinnano256/Desktop/Ign_issac_ros/install/four_diff_drive_description/share/four_diff_drive_description/urdf
[2.128s] creating /home/orinnano256/Desktop/Ign_issac_ros/install/four_diff_drive_description/share/four_diff_drive_description/meshes
[2.128s] copying meshes/rr_wheel_1_1.stl -> /home/orinnano256/Desktop/Ign_issac_ros/install/four_diff_drive_description/share/four_diff_drive_description/meshes
[2.131s] copying meshes/fl_wheel_1_1.stl -> /home/orinnano256/Desktop/Ign_issac_ros/install/four_diff_drive_description/share/four_diff_drive_description/meshes
[2.134s] copying meshes/fr_wheel_1_1.stl -> /home/orinnano256/Desktop/Ign_issac_ros/install/four_diff_drive_description/share/four_diff_drive_description/meshes
[2.137s] copying meshes/rl_wheel_1_1.stl -> /home/orinnano256/Desktop/Ign_issac_ros/install/four_diff_drive_description/share/four_diff_drive_description/meshes
[2.140s] copying meshes/base_link.stl -> /home/orinnano256/Desktop/Ign_issac_ros/install/four_diff_drive_description/share/four_diff_drive_description/meshes
[2.149s] creating /home/orinnano256/Desktop/Ign_issac_ros/install/four_diff_drive_description/share/four_diff_drive_description/config
[2.150s] copying config/controller.yaml -> /home/orinnano256/Desktop/Ign_issac_ros/install/four_diff_drive_description/share/four_diff_drive_description/config
[2.150s] copying config/lidar.rviz -> /home/orinnano256/Desktop/Ign_issac_ros/install/four_diff_drive_description/share/four_diff_drive_description/config
[2.150s] copying config/mapper_params_online_async.yaml -> /home/orinnano256/Desktop/Ign_issac_ros/install/four_diff_drive_description/share/four_diff_drive_description/config
[2.150s] copying config/four_diff_drive_nav2.yaml -> /home/orinnano256/Desktop/Ign_issac_ros/install/four_diff_drive_description/share/four_diff_drive_description/config
[2.150s] copying config/display.rviz -> /home/orinnano256/Desktop/Ign_issac_ros/install/four_diff_drive_description/share/four_diff_drive_description/config
[2.153s] creating /home/orinnano256/Desktop/Ign_issac_ros/install/four_diff_drive_description/share/four_diff_drive_description/models
[2.153s] creating /home/orinnano256/Desktop/Ign_issac_ros/install/four_diff_drive_description/share/four_diff_drive_description/models/worlds
[2.153s] copying models/worlds/world_model.sdf -> /home/orinnano256/Desktop/Ign_issac_ros/install/four_diff_drive_description/share/four_diff_drive_description/models/worlds
[2.153s] copying models/worlds/world_only.sdf -> /home/orinnano256/Desktop/Ign_issac_ros/install/four_diff_drive_description/share/four_diff_drive_description/models/worlds
[2.153s] creating /home/orinnano256/Desktop/Ign_issac_ros/install/four_diff_drive_description/share/four_diff_drive_description/maps
[2.153s] copying maps/four_diff_drive_world.yaml -> /home/orinnano256/Desktop/Ign_issac_ros/install/four_diff_drive_description/share/four_diff_drive_description/maps
[2.153s] copying maps/four_diff_drive_world.pgm -> /home/orinnano256/Desktop/Ign_issac_ros/install/four_diff_drive_description/share/four_diff_drive_description/maps
[2.154s] running install_egg_info
[2.156s] Copying ../../build/four_diff_drive_description/four_diff_drive_description.egg-info to /home/orinnano256/Desktop/Ign_issac_ros/install/four_diff_drive_description/lib/python3.10/site-packages/four_diff_drive_description-0.0.0-py3.10.egg-info
[2.158s] running install_scripts
[2.202s] Installing robot_mover script to /home/orinnano256/Desktop/Ign_issac_ros/install/four_diff_drive_description/lib/four_diff_drive_description
[2.203s] writing list of installed files to '/home/orinnano256/Desktop/Ign_issac_ros/build/four_diff_drive_description/install.log'
[2.270s] Invoked command in '/home/orinnano256/Desktop/Ign_issac_ros/src/four_diff_drive_description' returned '0': PYTHONPATH=/home/orinnano256/Desktop/Ign_issac_ros/build/four_diff_drive_description/prefix_override:/usr/lib/python3/dist-packages/colcon_core/task/python/colcon_distutils_commands:/home/orinnano256/Desktop/Ign_issac_ros/install/four_diff_drive_description/lib/python3.10/site-packages:${PYTHONPATH} /usr/bin/python3 -W ignore:setup.py install is deprecated setup.py egg_info --egg-base ../../build/four_diff_drive_description build --build-base /home/orinnano256/Desktop/Ign_issac_ros/build/four_diff_drive_description/build install --record /home/orinnano256/Desktop/Ign_issac_ros/build/four_diff_drive_description/install.log --single-version-externally-managed install_data
