[1.363s] Invoking command in '/home/orinnano256/Desktop/IAST_stuff_2_test_lidar/src/four_diff_drive_description': PYTHONPATH=/home/orinnano256/Desktop/IAST_stuff_2_test_lidar/build/four_diff_drive_description/prefix_override:/usr/lib/python3/dist-packages/colcon_core/task/python/colcon_distutils_commands:/home/orinnano256/Desktop/IAST_stuff_2_test_lidar/install/four_diff_drive_description/lib/python3.10/site-packages:${PYTHONPATH} /usr/bin/python3 -W ignore:setup.py install is deprecated setup.py egg_info --egg-base ../../build/four_diff_drive_description build --build-base /home/orinnano256/Desktop/IAST_stuff_2_test_lidar/build/four_diff_drive_description/build install --record /home/orinnano256/Desktop/IAST_stuff_2_test_lidar/build/four_diff_drive_description/install.log --single-version-externally-managed install_data
[1.863s] running egg_info
[1.864s] writing ../../build/four_diff_drive_description/four_diff_drive_description.egg-info/PKG-INFO
[1.865s] writing dependency_links to ../../build/four_diff_drive_description/four_diff_drive_description.egg-info/dependency_links.txt
[1.865s] writing entry points to ../../build/four_diff_drive_description/four_diff_drive_description.egg-info/entry_points.txt
[1.866s] writing requirements to ../../build/four_diff_drive_description/four_diff_drive_description.egg-info/requires.txt
[1.866s] writing top-level names to ../../build/four_diff_drive_description/four_diff_drive_description.egg-info/top_level.txt
[1.870s] reading manifest file '../../build/four_diff_drive_description/four_diff_drive_description.egg-info/SOURCES.txt'
[1.872s] writing manifest file '../../build/four_diff_drive_description/four_diff_drive_description.egg-info/SOURCES.txt'
[1.873s] running build
[1.873s] running build_py
[1.873s] running install
[1.874s] running install_lib
[1.877s] running install_data
[1.877s] copying urdf/four_diff_drive.urdf -> /home/orinnano256/Desktop/IAST_stuff_2_test_lidar/install/four_diff_drive_description/share/four_diff_drive_description/urdf
[1.878s] running install_egg_info
[1.882s] removing '/home/orinnano256/Desktop/IAST_stuff_2_test_lidar/install/four_diff_drive_description/lib/python3.10/site-packages/four_diff_drive_description-0.0.0-py3.10.egg-info' (and everything under it)
[1.882s] Copying ../../build/four_diff_drive_description/four_diff_drive_description.egg-info to /home/orinnano256/Desktop/IAST_stuff_2_test_lidar/install/four_diff_drive_description/lib/python3.10/site-packages/four_diff_drive_description-0.0.0-py3.10.egg-info
[1.884s] running install_scripts
[1.927s] Installing robot_mover script to /home/orinnano256/Desktop/IAST_stuff_2_test_lidar/install/four_diff_drive_description/lib/four_diff_drive_description
[1.928s] writing list of installed files to '/home/orinnano256/Desktop/IAST_stuff_2_test_lidar/build/four_diff_drive_description/install.log'
[1.995s] Invoked command in '/home/orinnano256/Desktop/IAST_stuff_2_test_lidar/src/four_diff_drive_description' returned '0': PYTHONPATH=/home/orinnano256/Desktop/IAST_stuff_2_test_lidar/build/four_diff_drive_description/prefix_override:/usr/lib/python3/dist-packages/colcon_core/task/python/colcon_distutils_commands:/home/orinnano256/Desktop/IAST_stuff_2_test_lidar/install/four_diff_drive_description/lib/python3.10/site-packages:${PYTHONPATH} /usr/bin/python3 -W ignore:setup.py install is deprecated setup.py egg_info --egg-base ../../build/four_diff_drive_description build --build-base /home/orinnano256/Desktop/IAST_stuff_2_test_lidar/build/four_diff_drive_description/build install --record /home/orinnano256/Desktop/IAST_stuff_2_test_lidar/build/four_diff_drive_description/install.log --single-version-externally-managed install_data
