[0.231s] DEBUG:colcon:Command line arguments: ['/usr/bin/colcon', 'build']
[0.231s] DEBUG:colcon:Parsed command line arguments: Namespace(log_base=None, log_level=None, verb_name='build', build_base='build', install_base='install', merge_install=False, symlink_install=False, test_result_base=None, continue_on_error=False, executor='parallel', parallel_workers=6, event_handlers=None, ignore_user_meta=False, metas=['./colcon.meta'], base_paths=['.'], packages_ignore=None, packages_ignore_regex=None, paths=None, packages_up_to=None, packages_up_to_regex=None, packages_above=None, packages_above_and_dependencies=None, packages_above_depth=None, packages_select_by_dep=None, packages_skip_by_dep=None, packages_skip_up_to=None, packages_select_build_failed=False, packages_skip_build_finished=False, packages_select_test_failures=False, packages_skip_test_passed=False, packages_select=None, packages_skip=None, packages_select_regex=None, packages_skip_regex=None, packages_start=None, packages_end=None, allow_overriding=[], cmake_args=None, cmake_target=None, cmake_target_skip_unavailable=False, cmake_clean_cache=False, cmake_clean_first=False, cmake_force_configure=False, ament_cmake_args=None, catkin_cmake_args=None, catkin_skip_building_tests=False, verb_parser=<colcon_defaults.argument_parser.defaults.DefaultArgumentsDecorator object at 0xffffa99f4c10>, verb_extension=<colcon_core.verb.build.BuildVerb object at 0xffffa99f46d0>, main=<bound method BuildVerb.main of <colcon_core.verb.build.BuildVerb object at 0xffffa99f46d0>>)
[0.571s] Level 1:colcon.colcon_core.package_discovery:discover_packages(colcon_meta) check parameters
[0.571s] Level 1:colcon.colcon_core.package_discovery:discover_packages(recursive) check parameters
[0.571s] Level 1:colcon.colcon_core.package_discovery:discover_packages(ignore) check parameters
[0.571s] Level 1:colcon.colcon_core.package_discovery:discover_packages(path) check parameters
[0.571s] Level 1:colcon.colcon_core.package_discovery:discover_packages(colcon_meta) discover
[0.571s] Level 1:colcon.colcon_core.package_discovery:discover_packages(recursive) discover
[0.572s] INFO:colcon.colcon_core.package_discovery:Crawling recursively for packages in '/home/orinnano256/Desktop/IAST_stuff_2_test_lidar'
[0.572s] Level 1:colcon.colcon_core.package_identification:_identify(.) by extensions ['ignore', 'ignore_ament_install']
[0.572s] Level 1:colcon.colcon_core.package_identification:_identify(.) by extension 'ignore'
[0.572s] Level 1:colcon.colcon_core.package_identification:_identify(.) by extension 'ignore_ament_install'
[0.573s] Level 1:colcon.colcon_core.package_identification:_identify(.) by extensions ['colcon_pkg']
[0.573s] Level 1:colcon.colcon_core.package_identification:_identify(.) by extension 'colcon_pkg'
[0.573s] Level 1:colcon.colcon_core.package_identification:_identify(.) by extensions ['colcon_meta']
[0.573s] Level 1:colcon.colcon_core.package_identification:_identify(.) by extension 'colcon_meta'
[0.573s] Level 1:colcon.colcon_core.package_identification:_identify(.) by extensions ['ros']
[0.573s] Level 1:colcon.colcon_core.package_identification:_identify(.) by extension 'ros'
[0.596s] Level 1:colcon.colcon_core.package_identification:_identify(.) by extensions ['cmake', 'python']
[0.596s] Level 1:colcon.colcon_core.package_identification:_identify(.) by extension 'cmake'
[0.596s] Level 1:colcon.colcon_core.package_identification:_identify(.) by extension 'python'
[0.596s] Level 1:colcon.colcon_core.package_identification:_identify(.) by extensions ['python_setup_py']
[0.596s] Level 1:colcon.colcon_core.package_identification:_identify(.) by extension 'python_setup_py'
[0.597s] Level 1:colcon.colcon_core.package_identification:_identify(build) by extensions ['ignore', 'ignore_ament_install']
[0.597s] Level 1:colcon.colcon_core.package_identification:_identify(build) by extension 'ignore'
[0.597s] Level 1:colcon.colcon_core.package_identification:_identify(build) ignored
[0.597s] Level 1:colcon.colcon_core.package_identification:_identify(install) by extensions ['ignore', 'ignore_ament_install']
[0.598s] Level 1:colcon.colcon_core.package_identification:_identify(install) by extension 'ignore'
[0.598s] Level 1:colcon.colcon_core.package_identification:_identify(install) ignored
[0.598s] Level 1:colcon.colcon_core.package_identification:_identify(log) by extensions ['ignore', 'ignore_ament_install']
[0.598s] Level 1:colcon.colcon_core.package_identification:_identify(log) by extension 'ignore'
[0.598s] Level 1:colcon.colcon_core.package_identification:_identify(log) ignored
[0.598s] Level 1:colcon.colcon_core.package_identification:_identify(src) by extensions ['ignore', 'ignore_ament_install']
[0.598s] Level 1:colcon.colcon_core.package_identification:_identify(src) by extension 'ignore'
[0.599s] Level 1:colcon.colcon_core.package_identification:_identify(src) by extension 'ignore_ament_install'
[0.599s] Level 1:colcon.colcon_core.package_identification:_identify(src) by extensions ['colcon_pkg']
[0.599s] Level 1:colcon.colcon_core.package_identification:_identify(src) by extension 'colcon_pkg'
[0.599s] Level 1:colcon.colcon_core.package_identification:_identify(src) by extensions ['colcon_meta']
[0.599s] Level 1:colcon.colcon_core.package_identification:_identify(src) by extension 'colcon_meta'
[0.599s] Level 1:colcon.colcon_core.package_identification:_identify(src) by extensions ['ros']
[0.599s] Level 1:colcon.colcon_core.package_identification:_identify(src) by extension 'ros'
[0.599s] Level 1:colcon.colcon_core.package_identification:_identify(src) by extensions ['cmake', 'python']
[0.599s] Level 1:colcon.colcon_core.package_identification:_identify(src) by extension 'cmake'
[0.600s] Level 1:colcon.colcon_core.package_identification:_identify(src) by extension 'python'
[0.600s] Level 1:colcon.colcon_core.package_identification:_identify(src) by extensions ['python_setup_py']
[0.600s] Level 1:colcon.colcon_core.package_identification:_identify(src) by extension 'python_setup_py'
[0.600s] Level 1:colcon.colcon_core.package_identification:_identify(src/four_diff_drive_description) by extensions ['ignore', 'ignore_ament_install']
[0.600s] Level 1:colcon.colcon_core.package_identification:_identify(src/four_diff_drive_description) by extension 'ignore'
[0.600s] Level 1:colcon.colcon_core.package_identification:_identify(src/four_diff_drive_description) by extension 'ignore_ament_install'
[0.600s] Level 1:colcon.colcon_core.package_identification:_identify(src/four_diff_drive_description) by extensions ['colcon_pkg']
[0.600s] Level 1:colcon.colcon_core.package_identification:_identify(src/four_diff_drive_description) by extension 'colcon_pkg'
[0.600s] Level 1:colcon.colcon_core.package_identification:_identify(src/four_diff_drive_description) by extensions ['colcon_meta']
[0.601s] Level 1:colcon.colcon_core.package_identification:_identify(src/four_diff_drive_description) by extension 'colcon_meta'
[0.601s] Level 1:colcon.colcon_core.package_identification:_identify(src/four_diff_drive_description) by extensions ['ros']
[0.601s] Level 1:colcon.colcon_core.package_identification:_identify(src/four_diff_drive_description) by extension 'ros'
[0.606s] DEBUG:colcon.colcon_core.package_identification:Package 'src/four_diff_drive_description' with type 'ros.ament_python' and name 'four_diff_drive_description'
[0.606s] Level 1:colcon.colcon_core.package_discovery:discover_packages(recursive) using defaults
[0.607s] Level 1:colcon.colcon_core.package_discovery:discover_packages(ignore) discover
[0.607s] Level 1:colcon.colcon_core.package_discovery:discover_packages(ignore) using defaults
[0.607s] Level 1:colcon.colcon_core.package_discovery:discover_packages(path) discover
[0.607s] Level 1:colcon.colcon_core.package_discovery:discover_packages(path) using defaults
[0.645s] Level 1:colcon.colcon_core.package_discovery:discover_packages(prefix_path) check parameters
[0.645s] Level 1:colcon.colcon_core.package_discovery:discover_packages(prefix_path) discover
[0.653s] DEBUG:colcon.colcon_installed_package_information.package_discovery:Found 362 installed packages in /opt/ros/humble
[0.683s] Level 1:colcon.colcon_core.package_discovery:discover_packages(prefix_path) using defaults
[0.775s] Level 5:colcon.colcon_core.verb:set package 'four_diff_drive_description' build argument 'cmake_args' from command line to 'None'
[0.776s] Level 5:colcon.colcon_core.verb:set package 'four_diff_drive_description' build argument 'cmake_target' from command line to 'None'
[0.776s] Level 5:colcon.colcon_core.verb:set package 'four_diff_drive_description' build argument 'cmake_target_skip_unavailable' from command line to 'False'
[0.776s] Level 5:colcon.colcon_core.verb:set package 'four_diff_drive_description' build argument 'cmake_clean_cache' from command line to 'False'
[0.776s] Level 5:colcon.colcon_core.verb:set package 'four_diff_drive_description' build argument 'cmake_clean_first' from command line to 'False'
[0.776s] Level 5:colcon.colcon_core.verb:set package 'four_diff_drive_description' build argument 'cmake_force_configure' from command line to 'False'
[0.776s] Level 5:colcon.colcon_core.verb:set package 'four_diff_drive_description' build argument 'ament_cmake_args' from command line to 'None'
[0.776s] Level 5:colcon.colcon_core.verb:set package 'four_diff_drive_description' build argument 'catkin_cmake_args' from command line to 'None'
[0.776s] Level 5:colcon.colcon_core.verb:set package 'four_diff_drive_description' build argument 'catkin_skip_building_tests' from command line to 'False'
[0.776s] DEBUG:colcon.colcon_core.verb:Building package 'four_diff_drive_description' with the following arguments: {'ament_cmake_args': None, 'build_base': '/home/orinnano256/Desktop/IAST_stuff_2_test_lidar/build/four_diff_drive_description', 'catkin_cmake_args': None, 'catkin_skip_building_tests': False, 'cmake_args': None, 'cmake_clean_cache': False, 'cmake_clean_first': False, 'cmake_force_configure': False, 'cmake_target': None, 'cmake_target_skip_unavailable': False, 'install_base': '/home/orinnano256/Desktop/IAST_stuff_2_test_lidar/install/four_diff_drive_description', 'merge_install': False, 'path': '/home/orinnano256/Desktop/IAST_stuff_2_test_lidar/src/four_diff_drive_description', 'symlink_install': False, 'test_result_base': None}
[0.776s] INFO:colcon.colcon_core.executor:Executing jobs using 'parallel' executor
[0.779s] DEBUG:colcon.colcon_parallel_executor.executor.parallel:run_until_complete
[0.779s] INFO:colcon.colcon_ros.task.ament_python.build:Building ROS package in '/home/orinnano256/Desktop/IAST_stuff_2_test_lidar/src/four_diff_drive_description' with build type 'ament_python'
[0.779s] Level 1:colcon.colcon_core.shell:create_environment_hook('four_diff_drive_description', 'ament_prefix_path')
[0.783s] INFO:colcon.colcon_core.plugin_system:Skipping extension 'colcon_core.shell.bat': Not used on non-Windows systems
[0.784s] INFO:colcon.colcon_core.shell:Creating environment hook '/home/orinnano256/Desktop/IAST_stuff_2_test_lidar/install/four_diff_drive_description/share/four_diff_drive_description/hook/ament_prefix_path.ps1'
[0.785s] INFO:colcon.colcon_core.shell:Creating environment descriptor '/home/orinnano256/Desktop/IAST_stuff_2_test_lidar/install/four_diff_drive_description/share/four_diff_drive_description/hook/ament_prefix_path.dsv'
[0.786s] INFO:colcon.colcon_core.shell:Creating environment hook '/home/orinnano256/Desktop/IAST_stuff_2_test_lidar/install/four_diff_drive_description/share/four_diff_drive_description/hook/ament_prefix_path.sh'
[0.788s] INFO:colcon.colcon_core.shell:Skip shell extension 'powershell' for command environment: Not usable outside of PowerShell
[0.788s] DEBUG:colcon.colcon_core.shell:Skip shell extension 'dsv' for command environment
[1.330s] INFO:colcon.colcon_core.task.python.build:Building Python package in '/home/orinnano256/Desktop/IAST_stuff_2_test_lidar/src/four_diff_drive_description'
[1.331s] INFO:colcon.colcon_core.shell:Skip shell extension 'powershell' for command environment: Not usable outside of PowerShell
[1.331s] DEBUG:colcon.colcon_core.shell:Skip shell extension 'dsv' for command environment
[2.084s] DEBUG:colcon.colcon_core.event_handler.log_command:Invoking command in '/home/orinnano256/Desktop/IAST_stuff_2_test_lidar/src/four_diff_drive_description': PYTHONPATH=/home/orinnano256/Desktop/IAST_stuff_2_test_lidar/build/four_diff_drive_description/prefix_override:/usr/lib/python3/dist-packages/colcon_core/task/python/colcon_distutils_commands:/home/orinnano256/Desktop/IAST_stuff_2_test_lidar/install/four_diff_drive_description/lib/python3.10/site-packages:${PYTHONPATH} /usr/bin/python3 -W ignore:setup.py install is deprecated setup.py egg_info --egg-base ../../build/four_diff_drive_description build --build-base /home/orinnano256/Desktop/IAST_stuff_2_test_lidar/build/four_diff_drive_description/build install --record /home/orinnano256/Desktop/IAST_stuff_2_test_lidar/build/four_diff_drive_description/install.log --single-version-externally-managed install_data
[2.679s] DEBUG:colcon.colcon_core.event_handler.log_command:Invoked command in '/home/orinnano256/Desktop/IAST_stuff_2_test_lidar/src/four_diff_drive_description' returned '0': PYTHONPATH=/home/orinnano256/Desktop/IAST_stuff_2_test_lidar/build/four_diff_drive_description/prefix_override:/usr/lib/python3/dist-packages/colcon_core/task/python/colcon_distutils_commands:/home/orinnano256/Desktop/IAST_stuff_2_test_lidar/install/four_diff_drive_description/lib/python3.10/site-packages:${PYTHONPATH} /usr/bin/python3 -W ignore:setup.py install is deprecated setup.py egg_info --egg-base ../../build/four_diff_drive_description build --build-base /home/orinnano256/Desktop/IAST_stuff_2_test_lidar/build/four_diff_drive_description/build install --record /home/orinnano256/Desktop/IAST_stuff_2_test_lidar/build/four_diff_drive_description/install.log --single-version-externally-managed install_data
[2.686s] Level 1:colcon.colcon_core.environment:checking '/home/orinnano256/Desktop/IAST_stuff_2_test_lidar/install/four_diff_drive_description' for CMake module files
[2.688s] Level 1:colcon.colcon_core.environment:checking '/home/orinnano256/Desktop/IAST_stuff_2_test_lidar/install/four_diff_drive_description' for CMake config files
[2.692s] Level 1:colcon.colcon_core.environment:checking '/home/orinnano256/Desktop/IAST_stuff_2_test_lidar/install/four_diff_drive_description/lib'
[2.693s] Level 1:colcon.colcon_core.environment:checking '/home/orinnano256/Desktop/IAST_stuff_2_test_lidar/install/four_diff_drive_description/bin'
[2.693s] Level 1:colcon.colcon_core.environment:checking '/home/orinnano256/Desktop/IAST_stuff_2_test_lidar/install/four_diff_drive_description/lib/pkgconfig/four_diff_drive_description.pc'
[2.694s] Level 1:colcon.colcon_core.environment:checking '/home/orinnano256/Desktop/IAST_stuff_2_test_lidar/install/four_diff_drive_description/lib/python3.10/site-packages'
[2.694s] Level 1:colcon.colcon_core.shell:create_environment_hook('four_diff_drive_description', 'pythonpath')
[2.695s] INFO:colcon.colcon_core.shell:Creating environment hook '/home/orinnano256/Desktop/IAST_stuff_2_test_lidar/install/four_diff_drive_description/share/four_diff_drive_description/hook/pythonpath.ps1'
[2.698s] INFO:colcon.colcon_core.shell:Creating environment descriptor '/home/orinnano256/Desktop/IAST_stuff_2_test_lidar/install/four_diff_drive_description/share/four_diff_drive_description/hook/pythonpath.dsv'
[2.700s] INFO:colcon.colcon_core.shell:Creating environment hook '/home/orinnano256/Desktop/IAST_stuff_2_test_lidar/install/four_diff_drive_description/share/four_diff_drive_description/hook/pythonpath.sh'
[2.702s] Level 1:colcon.colcon_core.environment:checking '/home/orinnano256/Desktop/IAST_stuff_2_test_lidar/install/four_diff_drive_description/bin'
[2.703s] Level 1:colcon.colcon_core.environment:create_environment_scripts_only(four_diff_drive_description)
[2.704s] INFO:colcon.colcon_core.shell:Creating package script '/home/orinnano256/Desktop/IAST_stuff_2_test_lidar/install/four_diff_drive_description/share/four_diff_drive_description/package.ps1'
[2.707s] INFO:colcon.colcon_core.shell:Creating package descriptor '/home/orinnano256/Desktop/IAST_stuff_2_test_lidar/install/four_diff_drive_description/share/four_diff_drive_description/package.dsv'
[2.709s] INFO:colcon.colcon_core.shell:Creating package script '/home/orinnano256/Desktop/IAST_stuff_2_test_lidar/install/four_diff_drive_description/share/four_diff_drive_description/package.sh'
[2.712s] INFO:colcon.colcon_core.shell:Creating package script '/home/orinnano256/Desktop/IAST_stuff_2_test_lidar/install/four_diff_drive_description/share/four_diff_drive_description/package.bash'
[2.715s] INFO:colcon.colcon_core.shell:Creating package script '/home/orinnano256/Desktop/IAST_stuff_2_test_lidar/install/four_diff_drive_description/share/four_diff_drive_description/package.zsh'
[2.718s] Level 1:colcon.colcon_core.environment:create_file_with_runtime_dependencies(/home/orinnano256/Desktop/IAST_stuff_2_test_lidar/install/four_diff_drive_description/share/colcon-core/packages/four_diff_drive_description)
[2.719s] DEBUG:colcon.colcon_parallel_executor.executor.parallel:closing loop
[2.721s] DEBUG:colcon.colcon_parallel_executor.executor.parallel:loop closed
[2.721s] DEBUG:colcon.colcon_parallel_executor.executor.parallel:run_until_complete finished with '0'
[2.721s] DEBUG:colcon.colcon_core.event_reactor:joining thread
[2.736s] INFO:colcon.colcon_core.plugin_system:Skipping extension 'colcon_notification.desktop_notification.terminal_notifier': Not used on non-Darwin systems
[2.736s] INFO:colcon.colcon_core.plugin_system:Skipping extension 'colcon_notification.desktop_notification.win32': Not used on non-Windows systems
[2.736s] INFO:colcon.colcon_notification.desktop_notification:Sending desktop notification using 'notify2'
[2.786s] DEBUG:colcon.colcon_core.event_reactor:joined thread
[2.787s] INFO:colcon.colcon_core.shell:Creating prefix script '/home/orinnano256/Desktop/IAST_stuff_2_test_lidar/install/local_setup.ps1'
[2.792s] INFO:colcon.colcon_core.shell:Creating prefix util module '/home/orinnano256/Desktop/IAST_stuff_2_test_lidar/install/_local_setup_util_ps1.py'
[2.797s] INFO:colcon.colcon_core.shell:Creating prefix chain script '/home/orinnano256/Desktop/IAST_stuff_2_test_lidar/install/setup.ps1'
[2.800s] INFO:colcon.colcon_core.shell:Creating prefix script '/home/orinnano256/Desktop/IAST_stuff_2_test_lidar/install/local_setup.sh'
[2.801s] INFO:colcon.colcon_core.shell:Creating prefix util module '/home/orinnano256/Desktop/IAST_stuff_2_test_lidar/install/_local_setup_util_sh.py'
[2.803s] INFO:colcon.colcon_core.shell:Creating prefix chain script '/home/orinnano256/Desktop/IAST_stuff_2_test_lidar/install/setup.sh'
[2.805s] INFO:colcon.colcon_core.shell:Creating prefix script '/home/orinnano256/Desktop/IAST_stuff_2_test_lidar/install/local_setup.bash'
[2.806s] INFO:colcon.colcon_core.shell:Creating prefix chain script '/home/orinnano256/Desktop/IAST_stuff_2_test_lidar/install/setup.bash'
[2.808s] INFO:colcon.colcon_core.shell:Creating prefix script '/home/orinnano256/Desktop/IAST_stuff_2_test_lidar/install/local_setup.zsh'
[2.809s] INFO:colcon.colcon_core.shell:Creating prefix chain script '/home/orinnano256/Desktop/IAST_stuff_2_test_lidar/install/setup.zsh'
