running egg_info
creating ../../build/four_diff_drive_description/four_diff_drive_description.egg-info
writing ../../build/four_diff_drive_description/four_diff_drive_description.egg-info/PKG-INFO
writing dependency_links to ../../build/four_diff_drive_description/four_diff_drive_description.egg-info/dependency_links.txt
writing entry points to ../../build/four_diff_drive_description/four_diff_drive_description.egg-info/entry_points.txt
writing requirements to ../../build/four_diff_drive_description/four_diff_drive_description.egg-info/requires.txt
writing top-level names to ../../build/four_diff_drive_description/four_diff_drive_description.egg-info/top_level.txt
writing manifest file '../../build/four_diff_drive_description/four_diff_drive_description.egg-info/SOURCES.txt'
reading manifest file '../../build/four_diff_drive_description/four_diff_drive_description.egg-info/SOURCES.txt'
writing manifest file '../../build/four_diff_drive_description/four_diff_drive_description.egg-info/SOURCES.txt'
running build
running build_py
creating /home/orinnano/Desktop/IAST_stuff_2_test/build/four_diff_drive_description/build
creating /home/orinnano/Desktop/IAST_stuff_2_test/build/four_diff_drive_description/build/lib
creating /home/orinnano/Desktop/IAST_stuff_2_test/build/four_diff_drive_description/build/lib/four_diff_drive_description
copying four_diff_drive_description/key_control.py -> /home/orinnano/Desktop/IAST_stuff_2_test/build/four_diff_drive_description/build/lib/four_diff_drive_description
copying four_diff_drive_description/__init__.py -> /home/orinnano/Desktop/IAST_stuff_2_test/build/four_diff_drive_description/build/lib/four_diff_drive_description
running install
running install_lib
creating /home/orinnano/Desktop/IAST_stuff_2_test/install/four_diff_drive_description/lib/python3.10/site-packages/four_diff_drive_description
copying /home/orinnano/Desktop/IAST_stuff_2_test/build/four_diff_drive_description/build/lib/four_diff_drive_description/key_control.py -> /home/orinnano/Desktop/IAST_stuff_2_test/install/four_diff_drive_description/lib/python3.10/site-packages/four_diff_drive_description
copying /home/orinnano/Desktop/IAST_stuff_2_test/build/four_diff_drive_description/build/lib/four_diff_drive_description/__init__.py -> /home/orinnano/Desktop/IAST_stuff_2_test/install/four_diff_drive_description/lib/python3.10/site-packages/four_diff_drive_description
byte-compiling /home/orinnano/Desktop/IAST_stuff_2_test/install/four_diff_drive_description/lib/python3.10/site-packages/four_diff_drive_description/key_control.py to key_control.cpython-310.pyc
byte-compiling /home/orinnano/Desktop/IAST_stuff_2_test/install/four_diff_drive_description/lib/python3.10/site-packages/four_diff_drive_description/__init__.py to __init__.cpython-310.pyc
running install_data
creating /home/orinnano/Desktop/IAST_stuff_2_test/install/four_diff_drive_description/share/ament_index
creating /home/orinnano/Desktop/IAST_stuff_2_test/install/four_diff_drive_description/share/ament_index/resource_index
creating /home/orinnano/Desktop/IAST_stuff_2_test/install/four_diff_drive_description/share/ament_index/resource_index/packages
copying resource/four_diff_drive_description -> /home/orinnano/Desktop/IAST_stuff_2_test/install/four_diff_drive_description/share/ament_index/resource_index/packages
copying package.xml -> /home/orinnano/Desktop/IAST_stuff_2_test/install/four_diff_drive_description/share/four_diff_drive_description
creating /home/orinnano/Desktop/IAST_stuff_2_test/install/four_diff_drive_description/share/four_diff_drive_description/launch
copying launch/ros_ign_bridge.launch.py -> /home/orinnano/Desktop/IAST_stuff_2_test/install/four_diff_drive_description/share/four_diff_drive_description/launch
copying launch/display.launch.py -> /home/orinnano/Desktop/IAST_stuff_2_test/install/four_diff_drive_description/share/four_diff_drive_description/launch
copying launch/gazebo.launch.py -> /home/orinnano/Desktop/IAST_stuff_2_test/install/four_diff_drive_description/share/four_diff_drive_description/launch
creating /home/orinnano/Desktop/IAST_stuff_2_test/install/four_diff_drive_description/share/four_diff_drive_description/urdf
copying urdf/four_diff_drive.urdf -> /home/orinnano/Desktop/IAST_stuff_2_test/install/four_diff_drive_description/share/four_diff_drive_description/urdf
copying urdf/four_diff_drive.gazebo -> /home/orinnano/Desktop/IAST_stuff_2_test/install/four_diff_drive_description/share/four_diff_drive_description/urdf
copying urdf/four_diff_drive.xacro -> /home/orinnano/Desktop/IAST_stuff_2_test/install/four_diff_drive_description/share/four_diff_drive_description/urdf
copying urdf/four_diff_drive.trans -> /home/orinnano/Desktop/IAST_stuff_2_test/install/four_diff_drive_description/share/four_diff_drive_description/urdf
copying urdf/materials.xacro -> /home/orinnano/Desktop/IAST_stuff_2_test/install/four_diff_drive_description/share/four_diff_drive_description/urdf
creating /home/orinnano/Desktop/IAST_stuff_2_test/install/four_diff_drive_description/share/four_diff_drive_description/meshes
copying meshes/rr_wheel_1_1.stl -> /home/orinnano/Desktop/IAST_stuff_2_test/install/four_diff_drive_description/share/four_diff_drive_description/meshes
copying meshes/fl_wheel_1_1.stl -> /home/orinnano/Desktop/IAST_stuff_2_test/install/four_diff_drive_description/share/four_diff_drive_description/meshes
copying meshes/fr_wheel_1_1.stl -> /home/orinnano/Desktop/IAST_stuff_2_test/install/four_diff_drive_description/share/four_diff_drive_description/meshes
copying meshes/rl_wheel_1_1.stl -> /home/orinnano/Desktop/IAST_stuff_2_test/install/four_diff_drive_description/share/four_diff_drive_description/meshes
copying meshes/base_link.stl -> /home/orinnano/Desktop/IAST_stuff_2_test/install/four_diff_drive_description/share/four_diff_drive_description/meshes
creating /home/orinnano/Desktop/IAST_stuff_2_test/install/four_diff_drive_description/share/four_diff_drive_description/config
copying config/controller.yaml -> /home/orinnano/Desktop/IAST_stuff_2_test/install/four_diff_drive_description/share/four_diff_drive_description/config
copying config/display.rviz -> /home/orinnano/Desktop/IAST_stuff_2_test/install/four_diff_drive_description/share/four_diff_drive_description/config
creating /home/orinnano/Desktop/IAST_stuff_2_test/install/four_diff_drive_description/share/four_diff_drive_description/models
creating /home/orinnano/Desktop/IAST_stuff_2_test/install/four_diff_drive_description/share/four_diff_drive_description/models/worlds
copying models/worlds/empty_world.sdf -> /home/orinnano/Desktop/IAST_stuff_2_test/install/four_diff_drive_description/share/four_diff_drive_description/models/worlds
copying models/worlds/world_only.sdf -> /home/orinnano/Desktop/IAST_stuff_2_test/install/four_diff_drive_description/share/four_diff_drive_description/models/worlds
creating /home/orinnano/Desktop/IAST_stuff_2_test/install/four_diff_drive_description/share/four_diff_drive_description/models/four_diff_drive
running install_egg_info
Copying ../../build/four_diff_drive_description/four_diff_drive_description.egg-info to /home/orinnano/Desktop/IAST_stuff_2_test/install/four_diff_drive_description/lib/python3.10/site-packages/four_diff_drive_description-0.0.0-py3.10.egg-info
running install_scripts
Installing robot_mover script to /home/orinnano/Desktop/IAST_stuff_2_test/install/four_diff_drive_description/lib/four_diff_drive_description
writing list of installed files to '/home/orinnano/Desktop/IAST_stuff_2_test/build/four_diff_drive_description/install.log'
