[1.334s] Invoking command in '/home/orinnano256/Desktop/IAST_stuff_2_test_lidar/build/four_diff_drive_description': PYTHONPATH=/home/orinnano256/Desktop/IAST_stuff_2_test_lidar/build/four_diff_drive_description/prefix_override:/usr/lib/python3/dist-packages/colcon_core/task/python/colcon_distutils_commands:/home/orinnano256/Desktop/IAST_stuff_2_test_lidar/install/four_diff_drive_description/lib/python3.10/site-packages:${PYTHONPATH} /usr/bin/python3 -W ignore:setup.py install is deprecated setup.py develop --editable --build-directory /home/orinnano256/Desktop/IAST_stuff_2_test_lidar/build/four_diff_drive_description/build --no-deps symlink_data --force
[1.860s] running develop
[1.862s] /usr/lib/python3/dist-packages/setuptools/command/easy_install.py:158: EasyInstallDeprecationWarning: easy_install command is deprecated. Use build and pip and other standards-based tools.
[1.862s]   warnings.warn(
[2.192s] running egg_info
[2.193s] writing four_diff_drive_description.egg-info/PKG-INFO
[2.193s] writing dependency_links to four_diff_drive_description.egg-info/dependency_links.txt
[2.193s] writing entry points to four_diff_drive_description.egg-info/entry_points.txt
[2.193s] writing requirements to four_diff_drive_description.egg-info/requires.txt
[2.194s] writing top-level names to four_diff_drive_description.egg-info/top_level.txt
[2.198s] reading manifest file 'four_diff_drive_description.egg-info/SOURCES.txt'
[2.201s] writing manifest file 'four_diff_drive_description.egg-info/SOURCES.txt'
[2.203s] running build_ext
[2.204s] Creating /home/orinnano256/Desktop/IAST_stuff_2_test_lidar/install/four_diff_drive_description/lib/python3.10/site-packages/four-diff-drive-description.egg-link (link to .)
[2.205s] Installing robot_mover script to /home/orinnano256/Desktop/IAST_stuff_2_test_lidar/install/four_diff_drive_description/lib/four_diff_drive_description
[2.206s] 
[2.206s] Installed /home/orinnano256/Desktop/IAST_stuff_2_test_lidar/build/four_diff_drive_description
[2.206s] running symlink_data
[2.207s] symbolically linking /home/orinnano256/Desktop/IAST_stuff_2_test_lidar/build/four_diff_drive_description/resource/four_diff_drive_description -> /home/orinnano256/Desktop/IAST_stuff_2_test_lidar/install/four_diff_drive_description/share/ament_index/resource_index/packages
[2.207s] symbolically linking /home/orinnano256/Desktop/IAST_stuff_2_test_lidar/build/four_diff_drive_description/package.xml -> /home/orinnano256/Desktop/IAST_stuff_2_test_lidar/install/four_diff_drive_description/share/four_diff_drive_description
[2.207s] symbolically linking /home/orinnano256/Desktop/IAST_stuff_2_test_lidar/build/four_diff_drive_description/launch/online_async_slam_toolbox.launch.py -> /home/orinnano256/Desktop/IAST_stuff_2_test_lidar/install/four_diff_drive_description/share/four_diff_drive_description/launch
[2.207s] symbolically linking /home/orinnano256/Desktop/IAST_stuff_2_test_lidar/build/four_diff_drive_description/launch/navigation2.launch.py -> /home/orinnano256/Desktop/IAST_stuff_2_test_lidar/install/four_diff_drive_description/share/four_diff_drive_description/launch
[2.208s] symbolically linking /home/orinnano256/Desktop/IAST_stuff_2_test_lidar/build/four_diff_drive_description/launch/ros_ign_bridge.launch.py -> /home/orinnano256/Desktop/IAST_stuff_2_test_lidar/install/four_diff_drive_description/share/four_diff_drive_description/launch
[2.208s] symbolically linking /home/orinnano256/Desktop/IAST_stuff_2_test_lidar/build/four_diff_drive_description/launch/display.launch.py -> /home/orinnano256/Desktop/IAST_stuff_2_test_lidar/install/four_diff_drive_description/share/four_diff_drive_description/launch
[2.208s] symbolically linking /home/orinnano256/Desktop/IAST_stuff_2_test_lidar/build/four_diff_drive_description/launch/gazebo.launch.py -> /home/orinnano256/Desktop/IAST_stuff_2_test_lidar/install/four_diff_drive_description/share/four_diff_drive_description/launch
[2.208s] symbolically linking /home/orinnano256/Desktop/IAST_stuff_2_test_lidar/build/four_diff_drive_description/urdf/four_diff_drive.urdf -> /home/orinnano256/Desktop/IAST_stuff_2_test_lidar/install/four_diff_drive_description/share/four_diff_drive_description/urdf
[2.209s] symbolically linking /home/orinnano256/Desktop/IAST_stuff_2_test_lidar/build/four_diff_drive_description/urdf/four_diff_drive.gazebo -> /home/orinnano256/Desktop/IAST_stuff_2_test_lidar/install/four_diff_drive_description/share/four_diff_drive_description/urdf
[2.209s] symbolically linking /home/orinnano256/Desktop/IAST_stuff_2_test_lidar/build/four_diff_drive_description/urdf/four_diff_drive.xacro -> /home/orinnano256/Desktop/IAST_stuff_2_test_lidar/install/four_diff_drive_description/share/four_diff_drive_description/urdf
[2.209s] symbolically linking /home/orinnano256/Desktop/IAST_stuff_2_test_lidar/build/four_diff_drive_description/urdf/four_diff_drive.trans -> /home/orinnano256/Desktop/IAST_stuff_2_test_lidar/install/four_diff_drive_description/share/four_diff_drive_description/urdf
[2.209s] symbolically linking /home/orinnano256/Desktop/IAST_stuff_2_test_lidar/build/four_diff_drive_description/urdf/materials.xacro -> /home/orinnano256/Desktop/IAST_stuff_2_test_lidar/install/four_diff_drive_description/share/four_diff_drive_description/urdf
[2.210s] symbolically linking /home/orinnano256/Desktop/IAST_stuff_2_test_lidar/build/four_diff_drive_description/meshes/rr_wheel_1_1.stl -> /home/orinnano256/Desktop/IAST_stuff_2_test_lidar/install/four_diff_drive_description/share/four_diff_drive_description/meshes
[2.210s] symbolically linking /home/orinnano256/Desktop/IAST_stuff_2_test_lidar/build/four_diff_drive_description/meshes/fl_wheel_1_1.stl -> /home/orinnano256/Desktop/IAST_stuff_2_test_lidar/install/four_diff_drive_description/share/four_diff_drive_description/meshes
[2.210s] symbolically linking /home/orinnano256/Desktop/IAST_stuff_2_test_lidar/build/four_diff_drive_description/meshes/fr_wheel_1_1.stl -> /home/orinnano256/Desktop/IAST_stuff_2_test_lidar/install/four_diff_drive_description/share/four_diff_drive_description/meshes
[2.211s] symbolically linking /home/orinnano256/Desktop/IAST_stuff_2_test_lidar/build/four_diff_drive_description/meshes/rl_wheel_1_1.stl -> /home/orinnano256/Desktop/IAST_stuff_2_test_lidar/install/four_diff_drive_description/share/four_diff_drive_description/meshes
[2.211s] symbolically linking /home/orinnano256/Desktop/IAST_stuff_2_test_lidar/build/four_diff_drive_description/meshes/base_link.stl -> /home/orinnano256/Desktop/IAST_stuff_2_test_lidar/install/four_diff_drive_description/share/four_diff_drive_description/meshes
[2.212s] symbolically linking /home/orinnano256/Desktop/IAST_stuff_2_test_lidar/build/four_diff_drive_description/config/controller.yaml -> /home/orinnano256/Desktop/IAST_stuff_2_test_lidar/install/four_diff_drive_description/share/four_diff_drive_description/config
[2.212s] symbolically linking /home/orinnano256/Desktop/IAST_stuff_2_test_lidar/build/four_diff_drive_description/config/lidar.rviz -> /home/orinnano256/Desktop/IAST_stuff_2_test_lidar/install/four_diff_drive_description/share/four_diff_drive_description/config
[2.212s] symbolically linking /home/orinnano256/Desktop/IAST_stuff_2_test_lidar/build/four_diff_drive_description/config/nav2_params.yaml -> /home/orinnano256/Desktop/IAST_stuff_2_test_lidar/install/four_diff_drive_description/share/four_diff_drive_description/config
[2.212s] symbolically linking /home/orinnano256/Desktop/IAST_stuff_2_test_lidar/build/four_diff_drive_description/config/mapper_params_online_async.yaml -> /home/orinnano256/Desktop/IAST_stuff_2_test_lidar/install/four_diff_drive_description/share/four_diff_drive_description/config
[2.213s] symbolically linking /home/orinnano256/Desktop/IAST_stuff_2_test_lidar/build/four_diff_drive_description/config/display.rviz -> /home/orinnano256/Desktop/IAST_stuff_2_test_lidar/install/four_diff_drive_description/share/four_diff_drive_description/config
[2.213s] symbolically linking /home/orinnano256/Desktop/IAST_stuff_2_test_lidar/build/four_diff_drive_description/models/worlds/world_model.sdf -> /home/orinnano256/Desktop/IAST_stuff_2_test_lidar/install/four_diff_drive_description/share/four_diff_drive_description/models/worlds
[2.213s] symbolically linking /home/orinnano256/Desktop/IAST_stuff_2_test_lidar/build/four_diff_drive_description/models/worlds/world_only.sdf -> /home/orinnano256/Desktop/IAST_stuff_2_test_lidar/install/four_diff_drive_description/share/four_diff_drive_description/models/worlds
[2.213s] symbolically linking /home/orinnano256/Desktop/IAST_stuff_2_test_lidar/build/four_diff_drive_description/maps/four_diff_drive_world.yaml -> /home/orinnano256/Desktop/IAST_stuff_2_test_lidar/install/four_diff_drive_description/share/four_diff_drive_description/maps
[2.214s] symbolically linking /home/orinnano256/Desktop/IAST_stuff_2_test_lidar/build/four_diff_drive_description/maps/four_diff_drive_world.pgm -> /home/orinnano256/Desktop/IAST_stuff_2_test_lidar/install/four_diff_drive_description/share/four_diff_drive_description/maps
[2.292s] Invoked command in '/home/orinnano256/Desktop/IAST_stuff_2_test_lidar/build/four_diff_drive_description' returned '0': PYTHONPATH=/home/orinnano256/Desktop/IAST_stuff_2_test_lidar/build/four_diff_drive_description/prefix_override:/usr/lib/python3/dist-packages/colcon_core/task/python/colcon_distutils_commands:/home/orinnano256/Desktop/IAST_stuff_2_test_lidar/install/four_diff_drive_description/lib/python3.10/site-packages:${PYTHONPATH} /usr/bin/python3 -W ignore:setup.py install is deprecated setup.py develop --editable --build-directory /home/orinnano256/Desktop/IAST_stuff_2_test_lidar/build/four_diff_drive_description/build --no-deps symlink_data --force
