[1.443s] Invoking command in '/home/orinnano/Desktop/IAST_stuff_2_test_lidar/build/four_diff_drive_description': PYTHONPATH=/home/orinnano/Desktop/IAST_stuff_2_test_lidar/build/four_diff_drive_description/prefix_override:/usr/lib/python3/dist-packages/colcon_core/task/python/colcon_distutils_commands:/home/orinnano/Desktop/IAST_stuff_2_test_lidar/install/four_diff_drive_description/lib/python3.10/site-packages:${PYTHONPATH} /usr/bin/python3 -W ignore:setup.py install is deprecated setup.py develop --editable --build-directory /home/orinnano/Desktop/IAST_stuff_2_test_lidar/build/four_diff_drive_description/build --no-deps symlink_data --force
[2.013s] running develop
[2.018s] /usr/lib/python3/dist-packages/setuptools/command/easy_install.py:158: EasyInstallDeprecationWarning: easy_install command is deprecated. Use build and pip and other standards-based tools.
[2.019s]   warnings.warn(
[2.398s] running egg_info
[2.399s] writing four_diff_drive_description.egg-info/PKG-INFO
[2.399s] writing dependency_links to four_diff_drive_description.egg-info/dependency_links.txt
[2.400s] writing entry points to four_diff_drive_description.egg-info/entry_points.txt
[2.400s] writing requirements to four_diff_drive_description.egg-info/requires.txt
[2.400s] writing top-level names to four_diff_drive_description.egg-info/top_level.txt
[2.405s] reading manifest file 'four_diff_drive_description.egg-info/SOURCES.txt'
[2.407s] writing manifest file 'four_diff_drive_description.egg-info/SOURCES.txt'
[2.410s] running build_ext
[2.410s] Creating /home/orinnano/Desktop/IAST_stuff_2_test_lidar/install/four_diff_drive_description/lib/python3.10/site-packages/four-diff-drive-description.egg-link (link to .)
[2.412s] Installing robot_mover script to /home/orinnano/Desktop/IAST_stuff_2_test_lidar/install/four_diff_drive_description/lib/four_diff_drive_description
[2.413s] 
[2.413s] Installed /home/orinnano/Desktop/IAST_stuff_2_test_lidar/build/four_diff_drive_description
[2.413s] running symlink_data
[2.413s] symbolically linking /home/orinnano/Desktop/IAST_stuff_2_test_lidar/build/four_diff_drive_description/resource/four_diff_drive_description -> /home/orinnano/Desktop/IAST_stuff_2_test_lidar/install/four_diff_drive_description/share/ament_index/resource_index/packages
[2.413s] symbolically linking /home/orinnano/Desktop/IAST_stuff_2_test_lidar/build/four_diff_drive_description/package.xml -> /home/orinnano/Desktop/IAST_stuff_2_test_lidar/install/four_diff_drive_description/share/four_diff_drive_description
[2.414s] symbolically linking /home/orinnano/Desktop/IAST_stuff_2_test_lidar/build/four_diff_drive_description/launch/navigation2.launch.py -> /home/orinnano/Desktop/IAST_stuff_2_test_lidar/install/four_diff_drive_description/share/four_diff_drive_description/launch
[2.414s] symbolically linking /home/orinnano/Desktop/IAST_stuff_2_test_lidar/build/four_diff_drive_description/launch/ros_ign_bridge.launch.py -> /home/orinnano/Desktop/IAST_stuff_2_test_lidar/install/four_diff_drive_description/share/four_diff_drive_description/launch
[2.414s] symbolically linking /home/orinnano/Desktop/IAST_stuff_2_test_lidar/build/four_diff_drive_description/launch/display.launch.py -> /home/orinnano/Desktop/IAST_stuff_2_test_lidar/install/four_diff_drive_description/share/four_diff_drive_description/launch
[2.414s] symbolically linking /home/orinnano/Desktop/IAST_stuff_2_test_lidar/build/four_diff_drive_description/launch/gazebo.launch.py -> /home/orinnano/Desktop/IAST_stuff_2_test_lidar/install/four_diff_drive_description/share/four_diff_drive_description/launch
[2.415s] symbolically linking /home/orinnano/Desktop/IAST_stuff_2_test_lidar/build/four_diff_drive_description/urdf/four_diff_drive.urdf -> /home/orinnano/Desktop/IAST_stuff_2_test_lidar/install/four_diff_drive_description/share/four_diff_drive_description/urdf
[2.415s] symbolically linking /home/orinnano/Desktop/IAST_stuff_2_test_lidar/build/four_diff_drive_description/urdf/four_diff_drive.gazebo -> /home/orinnano/Desktop/IAST_stuff_2_test_lidar/install/four_diff_drive_description/share/four_diff_drive_description/urdf
[2.415s] symbolically linking /home/orinnano/Desktop/IAST_stuff_2_test_lidar/build/four_diff_drive_description/urdf/four_diff_drive.xacro -> /home/orinnano/Desktop/IAST_stuff_2_test_lidar/install/four_diff_drive_description/share/four_diff_drive_description/urdf
[2.415s] symbolically linking /home/orinnano/Desktop/IAST_stuff_2_test_lidar/build/four_diff_drive_description/urdf/four_diff_drive.trans -> /home/orinnano/Desktop/IAST_stuff_2_test_lidar/install/four_diff_drive_description/share/four_diff_drive_description/urdf
[2.416s] symbolically linking /home/orinnano/Desktop/IAST_stuff_2_test_lidar/build/four_diff_drive_description/urdf/materials.xacro -> /home/orinnano/Desktop/IAST_stuff_2_test_lidar/install/four_diff_drive_description/share/four_diff_drive_description/urdf
[2.416s] symbolically linking /home/orinnano/Desktop/IAST_stuff_2_test_lidar/build/four_diff_drive_description/meshes/rr_wheel_1_1.stl -> /home/orinnano/Desktop/IAST_stuff_2_test_lidar/install/four_diff_drive_description/share/four_diff_drive_description/meshes
[2.417s] symbolically linking /home/orinnano/Desktop/IAST_stuff_2_test_lidar/build/four_diff_drive_description/meshes/fl_wheel_1_1.stl -> /home/orinnano/Desktop/IAST_stuff_2_test_lidar/install/four_diff_drive_description/share/four_diff_drive_description/meshes
[2.417s] symbolically linking /home/orinnano/Desktop/IAST_stuff_2_test_lidar/build/four_diff_drive_description/meshes/fr_wheel_1_1.stl -> /home/orinnano/Desktop/IAST_stuff_2_test_lidar/install/four_diff_drive_description/share/four_diff_drive_description/meshes
[2.417s] symbolically linking /home/orinnano/Desktop/IAST_stuff_2_test_lidar/build/four_diff_drive_description/meshes/rl_wheel_1_1.stl -> /home/orinnano/Desktop/IAST_stuff_2_test_lidar/install/four_diff_drive_description/share/four_diff_drive_description/meshes
[2.418s] symbolically linking /home/orinnano/Desktop/IAST_stuff_2_test_lidar/build/four_diff_drive_description/meshes/base_link.stl -> /home/orinnano/Desktop/IAST_stuff_2_test_lidar/install/four_diff_drive_description/share/four_diff_drive_description/meshes
[2.419s] symbolically linking /home/orinnano/Desktop/IAST_stuff_2_test_lidar/build/four_diff_drive_description/config/controller.yaml -> /home/orinnano/Desktop/IAST_stuff_2_test_lidar/install/four_diff_drive_description/share/four_diff_drive_description/config
[2.419s] symbolically linking /home/orinnano/Desktop/IAST_stuff_2_test_lidar/build/four_diff_drive_description/config/four_diff_drive_nav2.yaml -> /home/orinnano/Desktop/IAST_stuff_2_test_lidar/install/four_diff_drive_description/share/four_diff_drive_description/config
[2.419s] symbolically linking /home/orinnano/Desktop/IAST_stuff_2_test_lidar/build/four_diff_drive_description/config/display.rviz -> /home/orinnano/Desktop/IAST_stuff_2_test_lidar/install/four_diff_drive_description/share/four_diff_drive_description/config
[2.419s] symbolically linking /home/orinnano/Desktop/IAST_stuff_2_test_lidar/build/four_diff_drive_description/models/worlds/world_model.sdf -> /home/orinnano/Desktop/IAST_stuff_2_test_lidar/install/four_diff_drive_description/share/four_diff_drive_description/models/worlds
[2.420s] symbolically linking /home/orinnano/Desktop/IAST_stuff_2_test_lidar/build/four_diff_drive_description/models/worlds/world_only.sdf -> /home/orinnano/Desktop/IAST_stuff_2_test_lidar/install/four_diff_drive_description/share/four_diff_drive_description/models/worlds
[2.420s] symbolically linking /home/orinnano/Desktop/IAST_stuff_2_test_lidar/build/four_diff_drive_description/maps/four_diff_drive_world.yaml -> /home/orinnano/Desktop/IAST_stuff_2_test_lidar/install/four_diff_drive_description/share/four_diff_drive_description/maps
[2.420s] symbolically linking /home/orinnano/Desktop/IAST_stuff_2_test_lidar/build/four_diff_drive_description/maps/four_diff_drive_world.pgm -> /home/orinnano/Desktop/IAST_stuff_2_test_lidar/install/four_diff_drive_description/share/four_diff_drive_description/maps
[2.502s] Invoked command in '/home/orinnano/Desktop/IAST_stuff_2_test_lidar/build/four_diff_drive_description' returned '0': PYTHONPATH=/home/orinnano/Desktop/IAST_stuff_2_test_lidar/build/four_diff_drive_description/prefix_override:/usr/lib/python3/dist-packages/colcon_core/task/python/colcon_distutils_commands:/home/orinnano/Desktop/IAST_stuff_2_test_lidar/install/four_diff_drive_description/lib/python3.10/site-packages:${PYTHONPATH} /usr/bin/python3 -W ignore:setup.py install is deprecated setup.py develop --editable --build-directory /home/orinnano/Desktop/IAST_stuff_2_test_lidar/build/four_diff_drive_description/build --no-deps symlink_data --force
