[2.000s] Invoking command in '/home/orinnano/Desktop/IAST_stuff_2_test/src/four_diff_drive_description': PYTHONPATH=/home/orinnano/Desktop/IAST_stuff_2_test/build/four_diff_drive_description/prefix_override:/usr/lib/python3/dist-packages/colcon_core/task/python/colcon_distutils_commands:/home/orinnano/Desktop/IAST_stuff_2_test/install/four_diff_drive_description/lib/python3.10/site-packages:${PYTHONPATH} /usr/bin/python3 -W ignore:setup.py install is deprecated setup.py egg_info --egg-base ../../build/four_diff_drive_description build --build-base /home/orinnano/Desktop/IAST_stuff_2_test/build/four_diff_drive_description/build install --record /home/orinnano/Desktop/IAST_stuff_2_test/build/four_diff_drive_description/install.log --single-version-externally-managed install_data
[2.523s] running egg_info
[2.524s] writing ../../build/four_diff_drive_description/four_diff_drive_description.egg-info/PKG-INFO
[2.525s] writing dependency_links to ../../build/four_diff_drive_description/four_diff_drive_description.egg-info/dependency_links.txt
[2.526s] writing entry points to ../../build/four_diff_drive_description/four_diff_drive_description.egg-info/entry_points.txt
[2.526s] writing requirements to ../../build/four_diff_drive_description/four_diff_drive_description.egg-info/requires.txt
[2.526s] writing top-level names to ../../build/four_diff_drive_description/four_diff_drive_description.egg-info/top_level.txt
[2.530s] reading manifest file '../../build/four_diff_drive_description/four_diff_drive_description.egg-info/SOURCES.txt'
[2.532s] writing manifest file '../../build/four_diff_drive_description/four_diff_drive_description.egg-info/SOURCES.txt'
[2.532s] running build
[2.533s] running build_py
[2.533s] running install
[2.534s] running install_lib
[2.536s] running install_data
[2.537s] copying urdf/four_diff_drive.urdf -> /home/orinnano/Desktop/IAST_stuff_2_test/install/four_diff_drive_description/share/four_diff_drive_description/urdf
[2.538s] running install_egg_info
[2.544s] removing '/home/orinnano/Desktop/IAST_stuff_2_test/install/four_diff_drive_description/lib/python3.10/site-packages/four_diff_drive_description-0.0.0-py3.10.egg-info' (and everything under it)
[2.545s] Copying ../../build/four_diff_drive_description/four_diff_drive_description.egg-info to /home/orinnano/Desktop/IAST_stuff_2_test/install/four_diff_drive_description/lib/python3.10/site-packages/four_diff_drive_description-0.0.0-py3.10.egg-info
[2.548s] running install_scripts
[2.589s] Installing robot_mover script to /home/orinnano/Desktop/IAST_stuff_2_test/install/four_diff_drive_description/lib/four_diff_drive_description
[2.590s] writing list of installed files to '/home/orinnano/Desktop/IAST_stuff_2_test/build/four_diff_drive_description/install.log'
[2.657s] Invoked command in '/home/orinnano/Desktop/IAST_stuff_2_test/src/four_diff_drive_description' returned '0': PYTHONPATH=/home/orinnano/Desktop/IAST_stuff_2_test/build/four_diff_drive_description/prefix_override:/usr/lib/python3/dist-packages/colcon_core/task/python/colcon_distutils_commands:/home/orinnano/Desktop/IAST_stuff_2_test/install/four_diff_drive_description/lib/python3.10/site-packages:${PYTHONPATH} /usr/bin/python3 -W ignore:setup.py install is deprecated setup.py egg_info --egg-base ../../build/four_diff_drive_description build --build-base /home/orinnano/Desktop/IAST_stuff_2_test/build/four_diff_drive_description/build install --record /home/orinnano/Desktop/IAST_stuff_2_test/build/four_diff_drive_description/install.log --single-version-externally-managed install_data
