[1.430s] Invoking command in '/home/orinnano/Desktop/IAST_stuff_2_test_lidar/src/four_diff_drive_description': PYTHONPATH=/home/orinnano/Desktop/IAST_stuff_2_test_lidar/build/four_diff_drive_description/prefix_override:/usr/lib/python3/dist-packages/colcon_core/task/python/colcon_distutils_commands:/home/orinnano/Desktop/IAST_stuff_2_test_lidar/install/four_diff_drive_description/lib/python3.10/site-packages:${PYTHONPATH} /usr/bin/python3 -W ignore:setup.py install is deprecated setup.py egg_info --egg-base ../../build/four_diff_drive_description build --build-base /home/orinnano/Desktop/IAST_stuff_2_test_lidar/build/four_diff_drive_description/build install --record /home/orinnano/Desktop/IAST_stuff_2_test_lidar/build/four_diff_drive_description/install.log --single-version-externally-managed install_data
[1.969s] running egg_info
[1.970s] writing ../../build/four_diff_drive_description/four_diff_drive_description.egg-info/PKG-INFO
[1.971s] writing dependency_links to ../../build/four_diff_drive_description/four_diff_drive_description.egg-info/dependency_links.txt
[1.971s] writing entry points to ../../build/four_diff_drive_description/four_diff_drive_description.egg-info/entry_points.txt
[1.971s] writing requirements to ../../build/four_diff_drive_description/four_diff_drive_description.egg-info/requires.txt
[1.971s] writing top-level names to ../../build/four_diff_drive_description/four_diff_drive_description.egg-info/top_level.txt
[1.975s] reading manifest file '../../build/four_diff_drive_description/four_diff_drive_description.egg-info/SOURCES.txt'
[1.980s] writing manifest file '../../build/four_diff_drive_description/four_diff_drive_description.egg-info/SOURCES.txt'
[1.980s] running build
[1.981s] running build_py
[1.981s] running install
[1.982s] running install_lib
[1.984s] running install_data
[1.986s] running install_egg_info
[1.989s] removing '/home/orinnano/Desktop/IAST_stuff_2_test_lidar/install/four_diff_drive_description/lib/python3.10/site-packages/four_diff_drive_description-0.0.0-py3.10.egg-info' (and everything under it)
[1.990s] Copying ../../build/four_diff_drive_description/four_diff_drive_description.egg-info to /home/orinnano/Desktop/IAST_stuff_2_test_lidar/install/four_diff_drive_description/lib/python3.10/site-packages/four_diff_drive_description-0.0.0-py3.10.egg-info
[1.992s] running install_scripts
[2.033s] Installing robot_mover script to /home/orinnano/Desktop/IAST_stuff_2_test_lidar/install/four_diff_drive_description/lib/four_diff_drive_description
[2.034s] writing list of installed files to '/home/orinnano/Desktop/IAST_stuff_2_test_lidar/build/four_diff_drive_description/install.log'
[2.103s] Invoked command in '/home/orinnano/Desktop/IAST_stuff_2_test_lidar/src/four_diff_drive_description' returned '0': PYTHONPATH=/home/orinnano/Desktop/IAST_stuff_2_test_lidar/build/four_diff_drive_description/prefix_override:/usr/lib/python3/dist-packages/colcon_core/task/python/colcon_distutils_commands:/home/orinnano/Desktop/IAST_stuff_2_test_lidar/install/four_diff_drive_description/lib/python3.10/site-packages:${PYTHONPATH} /usr/bin/python3 -W ignore:setup.py install is deprecated setup.py egg_info --egg-base ../../build/four_diff_drive_description build --build-base /home/orinnano/Desktop/IAST_stuff_2_test_lidar/build/four_diff_drive_description/build install --record /home/orinnano/Desktop/IAST_stuff_2_test_lidar/build/four_diff_drive_description/install.log --single-version-externally-managed install_data
