[1.382s] Invoking command in '/home/orinnano/Desktop/IAST_stuff_2_test_lidar/src/four_diff_drive_description': PYTHONPATH=/home/orinnano/Desktop/IAST_stuff_2_test_lidar/build/four_diff_drive_description/prefix_override:/usr/lib/python3/dist-packages/colcon_core/task/python/colcon_distutils_commands:/home/orinnano/Desktop/IAST_stuff_2_test_lidar/install/four_diff_drive_description/lib/python3.10/site-packages:${PYTHONPATH} /usr/bin/python3 -W ignore:setup.py install is deprecated setup.py egg_info --egg-base ../../build/four_diff_drive_description build --build-base /home/orinnano/Desktop/IAST_stuff_2_test_lidar/build/four_diff_drive_description/build install --record /home/orinnano/Desktop/IAST_stuff_2_test_lidar/build/four_diff_drive_description/install.log --single-version-externally-managed install_data
[1.894s] running egg_info
[1.894s] creating ../../build/four_diff_drive_description/four_diff_drive_description.egg-info
[1.895s] writing ../../build/four_diff_drive_description/four_diff_drive_description.egg-info/PKG-INFO
[1.895s] writing dependency_links to ../../build/four_diff_drive_description/four_diff_drive_description.egg-info/dependency_links.txt
[1.896s] writing entry points to ../../build/four_diff_drive_description/four_diff_drive_description.egg-info/entry_points.txt
[1.896s] writing requirements to ../../build/four_diff_drive_description/four_diff_drive_description.egg-info/requires.txt
[1.896s] writing top-level names to ../../build/four_diff_drive_description/four_diff_drive_description.egg-info/top_level.txt
[1.897s] writing manifest file '../../build/four_diff_drive_description/four_diff_drive_description.egg-info/SOURCES.txt'
[1.900s] reading manifest file '../../build/four_diff_drive_description/four_diff_drive_description.egg-info/SOURCES.txt'
[1.902s] writing manifest file '../../build/four_diff_drive_description/four_diff_drive_description.egg-info/SOURCES.txt'
[1.902s] running build
[1.902s] running build_py
[1.902s] creating /home/orinnano/Desktop/IAST_stuff_2_test_lidar/build/four_diff_drive_description/build
[1.903s] creating /home/orinnano/Desktop/IAST_stuff_2_test_lidar/build/four_diff_drive_description/build/lib
[1.903s] creating /home/orinnano/Desktop/IAST_stuff_2_test_lidar/build/four_diff_drive_description/build/lib/four_diff_drive_description
[1.903s] copying four_diff_drive_description/key_control.py -> /home/orinnano/Desktop/IAST_stuff_2_test_lidar/build/four_diff_drive_description/build/lib/four_diff_drive_description
[1.903s] copying four_diff_drive_description/__init__.py -> /home/orinnano/Desktop/IAST_stuff_2_test_lidar/build/four_diff_drive_description/build/lib/four_diff_drive_description
[1.906s] running install
[1.906s] running install_lib
[1.908s] creating /home/orinnano/Desktop/IAST_stuff_2_test_lidar/install/four_diff_drive_description/lib/python3.10/site-packages/four_diff_drive_description
[1.908s] copying /home/orinnano/Desktop/IAST_stuff_2_test_lidar/build/four_diff_drive_description/build/lib/four_diff_drive_description/key_control.py -> /home/orinnano/Desktop/IAST_stuff_2_test_lidar/install/four_diff_drive_description/lib/python3.10/site-packages/four_diff_drive_description
[1.908s] copying /home/orinnano/Desktop/IAST_stuff_2_test_lidar/build/four_diff_drive_description/build/lib/four_diff_drive_description/__init__.py -> /home/orinnano/Desktop/IAST_stuff_2_test_lidar/install/four_diff_drive_description/lib/python3.10/site-packages/four_diff_drive_description
[1.909s] byte-compiling /home/orinnano/Desktop/IAST_stuff_2_test_lidar/install/four_diff_drive_description/lib/python3.10/site-packages/four_diff_drive_description/key_control.py to key_control.cpython-310.pyc
[1.910s] byte-compiling /home/orinnano/Desktop/IAST_stuff_2_test_lidar/install/four_diff_drive_description/lib/python3.10/site-packages/four_diff_drive_description/__init__.py to __init__.cpython-310.pyc
[1.911s] running install_data
[1.911s] creating /home/orinnano/Desktop/IAST_stuff_2_test_lidar/install/four_diff_drive_description/share/ament_index
[1.911s] creating /home/orinnano/Desktop/IAST_stuff_2_test_lidar/install/four_diff_drive_description/share/ament_index/resource_index
[1.911s] creating /home/orinnano/Desktop/IAST_stuff_2_test_lidar/install/four_diff_drive_description/share/ament_index/resource_index/packages
[1.912s] copying resource/four_diff_drive_description -> /home/orinnano/Desktop/IAST_stuff_2_test_lidar/install/four_diff_drive_description/share/ament_index/resource_index/packages
[1.912s] copying package.xml -> /home/orinnano/Desktop/IAST_stuff_2_test_lidar/install/four_diff_drive_description/share/four_diff_drive_description
[1.912s] creating /home/orinnano/Desktop/IAST_stuff_2_test_lidar/install/four_diff_drive_description/share/four_diff_drive_description/launch
[1.912s] copying launch/navigation2.launch.py -> /home/orinnano/Desktop/IAST_stuff_2_test_lidar/install/four_diff_drive_description/share/four_diff_drive_description/launch
[1.912s] copying launch/ros_ign_bridge.launch.py -> /home/orinnano/Desktop/IAST_stuff_2_test_lidar/install/four_diff_drive_description/share/four_diff_drive_description/launch
[1.912s] copying launch/display.launch.py -> /home/orinnano/Desktop/IAST_stuff_2_test_lidar/install/four_diff_drive_description/share/four_diff_drive_description/launch
[1.913s] copying launch/gazebo.launch.py -> /home/orinnano/Desktop/IAST_stuff_2_test_lidar/install/four_diff_drive_description/share/four_diff_drive_description/launch
[1.913s] creating /home/orinnano/Desktop/IAST_stuff_2_test_lidar/install/four_diff_drive_description/share/four_diff_drive_description/urdf
[1.913s] copying urdf/four_diff_drive.urdf -> /home/orinnano/Desktop/IAST_stuff_2_test_lidar/install/four_diff_drive_description/share/four_diff_drive_description/urdf
[1.913s] copying urdf/four_diff_drive.gazebo -> /home/orinnano/Desktop/IAST_stuff_2_test_lidar/install/four_diff_drive_description/share/four_diff_drive_description/urdf
[1.913s] copying urdf/four_diff_drive.xacro -> /home/orinnano/Desktop/IAST_stuff_2_test_lidar/install/four_diff_drive_description/share/four_diff_drive_description/urdf
[1.914s] copying urdf/four_diff_drive.trans -> /home/orinnano/Desktop/IAST_stuff_2_test_lidar/install/four_diff_drive_description/share/four_diff_drive_description/urdf
[1.914s] copying urdf/materials.xacro -> /home/orinnano/Desktop/IAST_stuff_2_test_lidar/install/four_diff_drive_description/share/four_diff_drive_description/urdf
[1.914s] creating /home/orinnano/Desktop/IAST_stuff_2_test_lidar/install/four_diff_drive_description/share/four_diff_drive_description/meshes
[1.915s] copying meshes/rr_wheel_1_1.stl -> /home/orinnano/Desktop/IAST_stuff_2_test_lidar/install/four_diff_drive_description/share/four_diff_drive_description/meshes
[1.917s] copying meshes/fl_wheel_1_1.stl -> /home/orinnano/Desktop/IAST_stuff_2_test_lidar/install/four_diff_drive_description/share/four_diff_drive_description/meshes
[1.919s] copying meshes/fr_wheel_1_1.stl -> /home/orinnano/Desktop/IAST_stuff_2_test_lidar/install/four_diff_drive_description/share/four_diff_drive_description/meshes
[1.922s] copying meshes/rl_wheel_1_1.stl -> /home/orinnano/Desktop/IAST_stuff_2_test_lidar/install/four_diff_drive_description/share/four_diff_drive_description/meshes
[1.924s] copying meshes/base_link.stl -> /home/orinnano/Desktop/IAST_stuff_2_test_lidar/install/four_diff_drive_description/share/four_diff_drive_description/meshes
[1.933s] creating /home/orinnano/Desktop/IAST_stuff_2_test_lidar/install/four_diff_drive_description/share/four_diff_drive_description/config
[1.933s] copying config/controller.yaml -> /home/orinnano/Desktop/IAST_stuff_2_test_lidar/install/four_diff_drive_description/share/four_diff_drive_description/config
[1.933s] copying config/four_diff_drive_nav2.yaml -> /home/orinnano/Desktop/IAST_stuff_2_test_lidar/install/four_diff_drive_description/share/four_diff_drive_description/config
[1.934s] copying config/display.rviz -> /home/orinnano/Desktop/IAST_stuff_2_test_lidar/install/four_diff_drive_description/share/four_diff_drive_description/config
[1.934s] creating /home/orinnano/Desktop/IAST_stuff_2_test_lidar/install/four_diff_drive_description/share/four_diff_drive_description/models
[1.934s] creating /home/orinnano/Desktop/IAST_stuff_2_test_lidar/install/four_diff_drive_description/share/four_diff_drive_description/models/worlds
[1.934s] copying models/worlds/world_model.sdf -> /home/orinnano/Desktop/IAST_stuff_2_test_lidar/install/four_diff_drive_description/share/four_diff_drive_description/models/worlds
[1.934s] copying models/worlds/world_only.sdf -> /home/orinnano/Desktop/IAST_stuff_2_test_lidar/install/four_diff_drive_description/share/four_diff_drive_description/models/worlds
[1.935s] creating /home/orinnano/Desktop/IAST_stuff_2_test_lidar/install/four_diff_drive_description/share/four_diff_drive_description/maps
[1.935s] copying maps/four_diff_drive_world.yaml -> /home/orinnano/Desktop/IAST_stuff_2_test_lidar/install/four_diff_drive_description/share/four_diff_drive_description/maps
[1.936s] copying maps/four_diff_drive_world.pgm -> /home/orinnano/Desktop/IAST_stuff_2_test_lidar/install/four_diff_drive_description/share/four_diff_drive_description/maps
[1.944s] running install_egg_info
[1.949s] Copying ../../build/four_diff_drive_description/four_diff_drive_description.egg-info to /home/orinnano/Desktop/IAST_stuff_2_test_lidar/install/four_diff_drive_description/lib/python3.10/site-packages/four_diff_drive_description-0.0.0-py3.10.egg-info
[1.951s] running install_scripts
[1.991s] Installing robot_mover script to /home/orinnano/Desktop/IAST_stuff_2_test_lidar/install/four_diff_drive_description/lib/four_diff_drive_description
[1.992s] writing list of installed files to '/home/orinnano/Desktop/IAST_stuff_2_test_lidar/build/four_diff_drive_description/install.log'
[2.055s] Invoked command in '/home/orinnano/Desktop/IAST_stuff_2_test_lidar/src/four_diff_drive_description' returned '0': PYTHONPATH=/home/orinnano/Desktop/IAST_stuff_2_test_lidar/build/four_diff_drive_description/prefix_override:/usr/lib/python3/dist-packages/colcon_core/task/python/colcon_distutils_commands:/home/orinnano/Desktop/IAST_stuff_2_test_lidar/install/four_diff_drive_description/lib/python3.10/site-packages:${PYTHONPATH} /usr/bin/python3 -W ignore:setup.py install is deprecated setup.py egg_info --egg-base ../../build/four_diff_drive_description build --build-base /home/orinnano/Desktop/IAST_stuff_2_test_lidar/build/four_diff_drive_description/build install --record /home/orinnano/Desktop/IAST_stuff_2_test_lidar/build/four_diff_drive_description/install.log --single-version-externally-managed install_data
