/home/orinnano/IAST_stuff_2_test/install/four_diff_drive_description/lib/python3.10/site-packages/four_diff_drive_description/key_control.py
/home/orinnano/IAST_stuff_2_test/install/four_diff_drive_description/lib/python3.10/site-packages/four_diff_drive_description/__init__.py
/home/orinnano/IAST_stuff_2_test/install/four_diff_drive_description/lib/python3.10/site-packages/four_diff_drive_description/__pycache__/key_control.cpython-310.pyc
/home/orinnano/IAST_stuff_2_test/install/four_diff_drive_description/lib/python3.10/site-packages/four_diff_drive_description/__pycache__/__init__.cpython-310.pyc
/home/orinnano/IAST_stuff_2_test/install/four_diff_drive_description/share/ament_index/resource_index/packages/four_diff_drive_description
/home/orinnano/IAST_stuff_2_test/install/four_diff_drive_description/share/four_diff_drive_description/package.xml
/home/orinnano/IAST_stuff_2_test/install/four_diff_drive_description/share/four_diff_drive_description/launch/ros_ign_bridge.launch.py
/home/orinnano/IAST_stuff_2_test/install/four_diff_drive_description/share/four_diff_drive_description/launch/display.launch.py
/home/orinnano/IAST_stuff_2_test/install/four_diff_drive_description/share/four_diff_drive_description/launch/gazebo.launch.py
/home/orinnano/IAST_stuff_2_test/install/four_diff_drive_description/share/four_diff_drive_description/urdf/four_diff_drive.urdf
/home/orinnano/IAST_stuff_2_test/install/four_diff_drive_description/share/four_diff_drive_description/urdf/four_diff_drive_updated.urdf
/home/orinnano/IAST_stuff_2_test/install/four_diff_drive_description/share/four_diff_drive_description/urdf/four_diff_drive.gazebo
/home/orinnano/IAST_stuff_2_test/install/four_diff_drive_description/share/four_diff_drive_description/urdf/four_diff_drive.xacro
/home/orinnano/IAST_stuff_2_test/install/four_diff_drive_description/share/four_diff_drive_description/urdf/four_diff_drive.trans
/home/orinnano/IAST_stuff_2_test/install/four_diff_drive_description/share/four_diff_drive_description/urdf/materials.xacro
/home/orinnano/IAST_stuff_2_test/install/four_diff_drive_description/share/four_diff_drive_description/meshes/rr_wheel_1_1.stl
/home/orinnano/IAST_stuff_2_test/install/four_diff_drive_description/share/four_diff_drive_description/meshes/fl_wheel_1_1.stl
/home/orinnano/IAST_stuff_2_test/install/four_diff_drive_description/share/four_diff_drive_description/meshes/fr_wheel_1_1.stl
/home/orinnano/IAST_stuff_2_test/install/four_diff_drive_description/share/four_diff_drive_description/meshes/rl_wheel_1_1.stl
/home/orinnano/IAST_stuff_2_test/install/four_diff_drive_description/share/four_diff_drive_description/meshes/base_link.stl
/home/orinnano/IAST_stuff_2_test/install/four_diff_drive_description/share/four_diff_drive_description/config/controller.yaml
/home/orinnano/IAST_stuff_2_test/install/four_diff_drive_description/share/four_diff_drive_description/config/display.rviz
/home/orinnano/IAST_stuff_2_test/install/four_diff_drive_description/share/four_diff_drive_description/models/worlds/empty_world.sdf
/home/orinnano/IAST_stuff_2_test/install/four_diff_drive_description/share/four_diff_drive_description/models/worlds/world_only.sdf
/home/orinnano/IAST_stuff_2_test/install/four_diff_drive_description/share/four_diff_drive_description/models/four_diff_drive/four_diff_drive.sdf
/home/orinnano/IAST_stuff_2_test/install/four_diff_drive_description/lib/python3.10/site-packages/four_diff_drive_description-0.0.0-py3.10.egg-info/PKG-INFO
/home/orinnano/IAST_stuff_2_test/install/four_diff_drive_description/lib/python3.10/site-packages/four_diff_drive_description-0.0.0-py3.10.egg-info/top_level.txt
/home/orinnano/IAST_stuff_2_test/install/four_diff_drive_description/lib/python3.10/site-packages/four_diff_drive_description-0.0.0-py3.10.egg-info/zip-safe
/home/orinnano/IAST_stuff_2_test/install/four_diff_drive_description/lib/python3.10/site-packages/four_diff_drive_description-0.0.0-py3.10.egg-info/requires.txt
/home/orinnano/IAST_stuff_2_test/install/four_diff_drive_description/lib/python3.10/site-packages/four_diff_drive_description-0.0.0-py3.10.egg-info/entry_points.txt
/home/orinnano/IAST_stuff_2_test/install/four_diff_drive_description/lib/python3.10/site-packages/four_diff_drive_description-0.0.0-py3.10.egg-info/SOURCES.txt
/home/orinnano/IAST_stuff_2_test/install/four_diff_drive_description/lib/python3.10/site-packages/four_diff_drive_description-0.0.0-py3.10.egg-info/dependency_links.txt
/home/orinnano/IAST_stuff_2_test/install/four_diff_drive_description/lib/four_diff_drive_description/robot_mover
