[1.386s] Invoking command in '/home/orinnano/IAST_stuff_2_test/src/four_diff_drive_description': PYTHONPATH=/home/orinnano/IAST_stuff_2_test/build/four_diff_drive_description/prefix_override:/usr/lib/python3/dist-packages/colcon_core/task/python/colcon_distutils_commands:/home/orinnano/IAST_stuff_2_test/install/four_diff_drive_description/lib/python3.10/site-packages:${PYTHONPATH} /usr/bin/python3 -W ignore:setup.py install is deprecated setup.py egg_info --egg-base ../../build/four_diff_drive_description build --build-base /home/orinnano/IAST_stuff_2_test/build/four_diff_drive_description/build install --record /home/orinnano/IAST_stuff_2_test/build/four_diff_drive_description/install.log --single-version-externally-managed install_data
[1.911s] running egg_info
[1.912s] writing ../../build/four_diff_drive_description/four_diff_drive_description.egg-info/PKG-INFO
[1.913s] writing dependency_links to ../../build/four_diff_drive_description/four_diff_drive_description.egg-info/dependency_links.txt
[1.913s] writing entry points to ../../build/four_diff_drive_description/four_diff_drive_description.egg-info/entry_points.txt
[1.913s] writing requirements to ../../build/four_diff_drive_description/four_diff_drive_description.egg-info/requires.txt
[1.913s] writing top-level names to ../../build/four_diff_drive_description/four_diff_drive_description.egg-info/top_level.txt
[1.917s] reading manifest file '../../build/four_diff_drive_description/four_diff_drive_description.egg-info/SOURCES.txt'
[1.919s] writing manifest file '../../build/four_diff_drive_description/four_diff_drive_description.egg-info/SOURCES.txt'
[1.920s] running build
[1.920s] running build_py
[1.921s] running install
[1.921s] running install_lib
[1.924s] running install_data
[1.924s] copying launch/gazebo.launch.py -> /home/orinnano/IAST_stuff_2_test/install/four_diff_drive_description/share/four_diff_drive_description/launch
[1.925s] running install_egg_info
[1.931s] removing '/home/orinnano/IAST_stuff_2_test/install/four_diff_drive_description/lib/python3.10/site-packages/four_diff_drive_description-0.0.0-py3.10.egg-info' (and everything under it)
[1.931s] Copying ../../build/four_diff_drive_description/four_diff_drive_description.egg-info to /home/orinnano/IAST_stuff_2_test/install/four_diff_drive_description/lib/python3.10/site-packages/four_diff_drive_description-0.0.0-py3.10.egg-info
[1.933s] running install_scripts
[1.975s] Installing robot_mover script to /home/orinnano/IAST_stuff_2_test/install/four_diff_drive_description/lib/four_diff_drive_description
[1.975s] writing list of installed files to '/home/orinnano/IAST_stuff_2_test/build/four_diff_drive_description/install.log'
[2.041s] Invoked command in '/home/orinnano/IAST_stuff_2_test/src/four_diff_drive_description' returned '0': PYTHONPATH=/home/orinnano/IAST_stuff_2_test/build/four_diff_drive_description/prefix_override:/usr/lib/python3/dist-packages/colcon_core/task/python/colcon_distutils_commands:/home/orinnano/IAST_stuff_2_test/install/four_diff_drive_description/lib/python3.10/site-packages:${PYTHONPATH} /usr/bin/python3 -W ignore:setup.py install is deprecated setup.py egg_info --egg-base ../../build/four_diff_drive_description build --build-base /home/orinnano/IAST_stuff_2_test/build/four_diff_drive_description/build install --record /home/orinnano/IAST_stuff_2_test/build/four_diff_drive_description/install.log --single-version-externally-managed install_data
