[1.105s] DEBUG:colcon:Command line arguments: ['/usr/bin/colcon', 'build']
[1.105s] DEBUG:colcon:Parsed command line arguments: Namespace(log_base=None, log_level=None, verb_name='build', build_base='build', install_base='install', merge_install=False, symlink_install=False, test_result_base=None, continue_on_error=False, executor='parallel', parallel_workers=6, event_handlers=None, ignore_user_meta=False, metas=['./colcon.meta'], base_paths=['.'], packages_ignore=None, packages_ignore_regex=None, paths=None, packages_up_to=None, packages_up_to_regex=None, packages_above=None, packages_above_and_dependencies=None, packages_above_depth=None, packages_select_by_dep=None, packages_skip_by_dep=None, packages_skip_up_to=None, packages_select_build_failed=False, packages_skip_build_finished=False, packages_select_test_failures=False, packages_skip_test_passed=False, packages_select=None, packages_skip=None, packages_select_regex=None, packages_skip_regex=None, packages_start=None, packages_end=None, allow_overriding=[], cmake_args=None, cmake_target=None, cmake_target_skip_unavailable=False, cmake_clean_cache=False, cmake_clean_first=False, cmake_force_configure=False, ament_cmake_args=None, catkin_cmake_args=None, catkin_skip_building_tests=False, verb_parser=<colcon_defaults.argument_parser.defaults.DefaultArgumentsDecorator object at 0xffffba06dc30>, verb_extension=<colcon_core.verb.build.BuildVerb object at 0xffffba06d6f0>, main=<bound method BuildVerb.main of <colcon_core.verb.build.BuildVerb object at 0xffffba06d6f0>>)
[2.046s] Level 1:colcon.colcon_core.package_discovery:discover_packages(colcon_meta) check parameters
[2.047s] Level 1:colcon.colcon_core.package_discovery:discover_packages(recursive) check parameters
[2.047s] Level 1:colcon.colcon_core.package_discovery:discover_packages(ignore) check parameters
[2.047s] Level 1:colcon.colcon_core.package_discovery:discover_packages(path) check parameters
[2.047s] Level 1:colcon.colcon_core.package_discovery:discover_packages(colcon_meta) discover
[2.047s] Level 1:colcon.colcon_core.package_discovery:discover_packages(recursive) discover
[2.048s] INFO:colcon.colcon_core.package_discovery:Crawling recursively for packages in '/home/orinnano/Desktop/IAST_stuff_2_test'
[2.048s] Level 1:colcon.colcon_core.package_identification:_identify(.) by extensions ['ignore', 'ignore_ament_install']
[2.048s] Level 1:colcon.colcon_core.package_identification:_identify(.) by extension 'ignore'
[2.048s] Level 1:colcon.colcon_core.package_identification:_identify(.) by extension 'ignore_ament_install'
[2.048s] Level 1:colcon.colcon_core.package_identification:_identify(.) by extensions ['colcon_pkg']
[2.049s] Level 1:colcon.colcon_core.package_identification:_identify(.) by extension 'colcon_pkg'
[2.049s] Level 1:colcon.colcon_core.package_identification:_identify(.) by extensions ['colcon_meta']
[2.049s] Level 1:colcon.colcon_core.package_identification:_identify(.) by extension 'colcon_meta'
[2.049s] Level 1:colcon.colcon_core.package_identification:_identify(.) by extensions ['ros']
[2.049s] Level 1:colcon.colcon_core.package_identification:_identify(.) by extension 'ros'
[2.086s] Level 1:colcon.colcon_core.package_identification:_identify(.) by extensions ['cmake', 'python']
[2.087s] Level 1:colcon.colcon_core.package_identification:_identify(.) by extension 'cmake'
[2.087s] Level 1:colcon.colcon_core.package_identification:_identify(.) by extension 'python'
[2.087s] Level 1:colcon.colcon_core.package_identification:_identify(.) by extensions ['python_setup_py']
[2.087s] Level 1:colcon.colcon_core.package_identification:_identify(.) by extension 'python_setup_py'
[2.088s] Level 1:colcon.colcon_core.package_identification:_identify(build) by extensions ['ignore', 'ignore_ament_install']
[2.088s] Level 1:colcon.colcon_core.package_identification:_identify(build) by extension 'ignore'
[2.088s] Level 1:colcon.colcon_core.package_identification:_identify(build) ignored
[2.088s] Level 1:colcon.colcon_core.package_identification:_identify(install) by extensions ['ignore', 'ignore_ament_install']
[2.089s] Level 1:colcon.colcon_core.package_identification:_identify(install) by extension 'ignore'
[2.089s] Level 1:colcon.colcon_core.package_identification:_identify(install) ignored
[2.089s] Level 1:colcon.colcon_core.package_identification:_identify(log) by extensions ['ignore', 'ignore_ament_install']
[2.089s] Level 1:colcon.colcon_core.package_identification:_identify(log) by extension 'ignore'
[2.089s] Level 1:colcon.colcon_core.package_identification:_identify(log) ignored
[2.090s] Level 1:colcon.colcon_core.package_identification:_identify(src) by extensions ['ignore', 'ignore_ament_install']
[2.090s] Level 1:colcon.colcon_core.package_identification:_identify(src) by extension 'ignore'
[2.090s] Level 1:colcon.colcon_core.package_identification:_identify(src) by extension 'ignore_ament_install'
[2.090s] Level 1:colcon.colcon_core.package_identification:_identify(src) by extensions ['colcon_pkg']
[2.090s] Level 1:colcon.colcon_core.package_identification:_identify(src) by extension 'colcon_pkg'
[2.090s] Level 1:colcon.colcon_core.package_identification:_identify(src) by extensions ['colcon_meta']
[2.091s] Level 1:colcon.colcon_core.package_identification:_identify(src) by extension 'colcon_meta'
[2.091s] Level 1:colcon.colcon_core.package_identification:_identify(src) by extensions ['ros']
[2.091s] Level 1:colcon.colcon_core.package_identification:_identify(src) by extension 'ros'
[2.091s] Level 1:colcon.colcon_core.package_identification:_identify(src) by extensions ['cmake', 'python']
[2.091s] Level 1:colcon.colcon_core.package_identification:_identify(src) by extension 'cmake'
[2.091s] Level 1:colcon.colcon_core.package_identification:_identify(src) by extension 'python'
[2.091s] Level 1:colcon.colcon_core.package_identification:_identify(src) by extensions ['python_setup_py']
[2.091s] Level 1:colcon.colcon_core.package_identification:_identify(src) by extension 'python_setup_py'
[2.092s] Level 1:colcon.colcon_core.package_identification:_identify(src/four_diff_drive_description) by extensions ['ignore', 'ignore_ament_install']
[2.092s] Level 1:colcon.colcon_core.package_identification:_identify(src/four_diff_drive_description) by extension 'ignore'
[2.092s] Level 1:colcon.colcon_core.package_identification:_identify(src/four_diff_drive_description) by extension 'ignore_ament_install'
[2.092s] Level 1:colcon.colcon_core.package_identification:_identify(src/four_diff_drive_description) by extensions ['colcon_pkg']
[2.092s] Level 1:colcon.colcon_core.package_identification:_identify(src/four_diff_drive_description) by extension 'colcon_pkg'
[2.092s] Level 1:colcon.colcon_core.package_identification:_identify(src/four_diff_drive_description) by extensions ['colcon_meta']
[2.092s] Level 1:colcon.colcon_core.package_identification:_identify(src/four_diff_drive_description) by extension 'colcon_meta'
[2.093s] Level 1:colcon.colcon_core.package_identification:_identify(src/four_diff_drive_description) by extensions ['ros']
[2.093s] Level 1:colcon.colcon_core.package_identification:_identify(src/four_diff_drive_description) by extension 'ros'
[2.105s] DEBUG:colcon.colcon_core.package_identification:Package 'src/four_diff_drive_description' with type 'ros.ament_python' and name 'four_diff_drive_description'
[2.105s] Level 1:colcon.colcon_core.package_discovery:discover_packages(recursive) using defaults
[2.106s] Level 1:colcon.colcon_core.package_discovery:discover_packages(ignore) discover
[2.106s] Level 1:colcon.colcon_core.package_discovery:discover_packages(ignore) using defaults
[2.106s] Level 1:colcon.colcon_core.package_discovery:discover_packages(path) discover
[2.106s] Level 1:colcon.colcon_core.package_discovery:discover_packages(path) using defaults
[2.289s] Level 1:colcon.colcon_core.package_discovery:discover_packages(prefix_path) check parameters
[2.289s] Level 1:colcon.colcon_core.package_discovery:discover_packages(prefix_path) discover
[2.304s] DEBUG:colcon.colcon_installed_package_information.package_discovery:Found 413 installed packages in /opt/ros/humble
[2.309s] Level 1:colcon.colcon_core.package_discovery:discover_packages(prefix_path) using defaults
[2.429s] Level 5:colcon.colcon_core.verb:set package 'four_diff_drive_description' build argument 'cmake_args' from command line to 'None'
[2.429s] Level 5:colcon.colcon_core.verb:set package 'four_diff_drive_description' build argument 'cmake_target' from command line to 'None'
[2.429s] Level 5:colcon.colcon_core.verb:set package 'four_diff_drive_description' build argument 'cmake_target_skip_unavailable' from command line to 'False'
[2.429s] Level 5:colcon.colcon_core.verb:set package 'four_diff_drive_description' build argument 'cmake_clean_cache' from command line to 'False'
[2.429s] Level 5:colcon.colcon_core.verb:set package 'four_diff_drive_description' build argument 'cmake_clean_first' from command line to 'False'
[2.429s] Level 5:colcon.colcon_core.verb:set package 'four_diff_drive_description' build argument 'cmake_force_configure' from command line to 'False'
[2.429s] Level 5:colcon.colcon_core.verb:set package 'four_diff_drive_description' build argument 'ament_cmake_args' from command line to 'None'
[2.429s] Level 5:colcon.colcon_core.verb:set package 'four_diff_drive_description' build argument 'catkin_cmake_args' from command line to 'None'
[2.429s] Level 5:colcon.colcon_core.verb:set package 'four_diff_drive_description' build argument 'catkin_skip_building_tests' from command line to 'False'
[2.429s] DEBUG:colcon.colcon_core.verb:Building package 'four_diff_drive_description' with the following arguments: {'ament_cmake_args': None, 'build_base': '/home/orinnano/Desktop/IAST_stuff_2_test/build/four_diff_drive_description', 'catkin_cmake_args': None, 'catkin_skip_building_tests': False, 'cmake_args': None, 'cmake_clean_cache': False, 'cmake_clean_first': False, 'cmake_force_configure': False, 'cmake_target': None, 'cmake_target_skip_unavailable': False, 'install_base': '/home/orinnano/Desktop/IAST_stuff_2_test/install/four_diff_drive_description', 'merge_install': False, 'path': '/home/orinnano/Desktop/IAST_stuff_2_test/src/four_diff_drive_description', 'symlink_install': False, 'test_result_base': None}
[2.430s] INFO:colcon.colcon_core.executor:Executing jobs using 'parallel' executor
[2.432s] DEBUG:colcon.colcon_parallel_executor.executor.parallel:run_until_complete
[2.432s] INFO:colcon.colcon_ros.task.ament_python.build:Building ROS package in '/home/orinnano/Desktop/IAST_stuff_2_test/src/four_diff_drive_description' with build type 'ament_python'
[2.433s] Level 1:colcon.colcon_core.shell:create_environment_hook('four_diff_drive_description', 'ament_prefix_path')
[2.450s] INFO:colcon.colcon_core.plugin_system:Skipping extension 'colcon_core.shell.bat': Not used on non-Windows systems
[2.450s] INFO:colcon.colcon_core.shell:Creating environment hook '/home/orinnano/Desktop/IAST_stuff_2_test/install/four_diff_drive_description/share/four_diff_drive_description/hook/ament_prefix_path.ps1'
[2.453s] INFO:colcon.colcon_core.shell:Creating environment descriptor '/home/orinnano/Desktop/IAST_stuff_2_test/install/four_diff_drive_description/share/four_diff_drive_description/hook/ament_prefix_path.dsv'
[2.458s] INFO:colcon.colcon_core.shell:Creating environment hook '/home/orinnano/Desktop/IAST_stuff_2_test/install/four_diff_drive_description/share/four_diff_drive_description/hook/ament_prefix_path.sh'
[2.464s] INFO:colcon.colcon_core.shell:Skip shell extension 'powershell' for command environment: Not usable outside of PowerShell
[2.464s] DEBUG:colcon.colcon_core.shell:Skip shell extension 'dsv' for command environment
[3.045s] INFO:colcon.colcon_core.task.python.build:Building Python package in '/home/orinnano/Desktop/IAST_stuff_2_test/src/four_diff_drive_description'
[3.046s] INFO:colcon.colcon_core.shell:Skip shell extension 'powershell' for command environment: Not usable outside of PowerShell
[3.046s] DEBUG:colcon.colcon_core.shell:Skip shell extension 'dsv' for command environment
[4.398s] DEBUG:colcon.colcon_core.event_handler.log_command:Invoking command in '/home/orinnano/Desktop/IAST_stuff_2_test/src/four_diff_drive_description': PYTHONPATH=/home/orinnano/Desktop/IAST_stuff_2_test/build/four_diff_drive_description/prefix_override:/usr/lib/python3/dist-packages/colcon_core/task/python/colcon_distutils_commands:/home/orinnano/Desktop/IAST_stuff_2_test/install/four_diff_drive_description/lib/python3.10/site-packages:${PYTHONPATH} /usr/bin/python3 -W ignore:setup.py install is deprecated setup.py egg_info --egg-base ../../build/four_diff_drive_description build --build-base /home/orinnano/Desktop/IAST_stuff_2_test/build/four_diff_drive_description/build install --record /home/orinnano/Desktop/IAST_stuff_2_test/build/four_diff_drive_description/install.log --single-version-externally-managed install_data
[5.158s] DEBUG:colcon.colcon_core.event_handler.log_command:Invoked command in '/home/orinnano/Desktop/IAST_stuff_2_test/src/four_diff_drive_description' returned '0': PYTHONPATH=/home/orinnano/Desktop/IAST_stuff_2_test/build/four_diff_drive_description/prefix_override:/usr/lib/python3/dist-packages/colcon_core/task/python/colcon_distutils_commands:/home/orinnano/Desktop/IAST_stuff_2_test/install/four_diff_drive_description/lib/python3.10/site-packages:${PYTHONPATH} /usr/bin/python3 -W ignore:setup.py install is deprecated setup.py egg_info --egg-base ../../build/four_diff_drive_description build --build-base /home/orinnano/Desktop/IAST_stuff_2_test/build/four_diff_drive_description/build install --record /home/orinnano/Desktop/IAST_stuff_2_test/build/four_diff_drive_description/install.log --single-version-externally-managed install_data
[5.182s] Level 1:colcon.colcon_core.environment:checking '/home/orinnano/Desktop/IAST_stuff_2_test/install/four_diff_drive_description' for CMake module files
[5.184s] Level 1:colcon.colcon_core.environment:checking '/home/orinnano/Desktop/IAST_stuff_2_test/install/four_diff_drive_description' for CMake config files
[5.187s] Level 1:colcon.colcon_core.environment:checking '/home/orinnano/Desktop/IAST_stuff_2_test/install/four_diff_drive_description/lib'
[5.188s] Level 1:colcon.colcon_core.environment:checking '/home/orinnano/Desktop/IAST_stuff_2_test/install/four_diff_drive_description/bin'
[5.188s] Level 1:colcon.colcon_core.environment:checking '/home/orinnano/Desktop/IAST_stuff_2_test/install/four_diff_drive_description/lib/pkgconfig/four_diff_drive_description.pc'
[5.189s] Level 1:colcon.colcon_core.environment:checking '/home/orinnano/Desktop/IAST_stuff_2_test/install/four_diff_drive_description/lib/python3.10/site-packages'
[5.189s] Level 1:colcon.colcon_core.shell:create_environment_hook('four_diff_drive_description', 'pythonpath')
[5.190s] INFO:colcon.colcon_core.shell:Creating environment hook '/home/orinnano/Desktop/IAST_stuff_2_test/install/four_diff_drive_description/share/four_diff_drive_description/hook/pythonpath.ps1'
[5.193s] INFO:colcon.colcon_core.shell:Creating environment descriptor '/home/orinnano/Desktop/IAST_stuff_2_test/install/four_diff_drive_description/share/four_diff_drive_description/hook/pythonpath.dsv'
[5.194s] INFO:colcon.colcon_core.shell:Creating environment hook '/home/orinnano/Desktop/IAST_stuff_2_test/install/four_diff_drive_description/share/four_diff_drive_description/hook/pythonpath.sh'
[5.196s] Level 1:colcon.colcon_core.environment:checking '/home/orinnano/Desktop/IAST_stuff_2_test/install/four_diff_drive_description/bin'
[5.197s] Level 1:colcon.colcon_core.environment:create_environment_scripts_only(four_diff_drive_description)
[5.198s] INFO:colcon.colcon_core.shell:Creating package script '/home/orinnano/Desktop/IAST_stuff_2_test/install/four_diff_drive_description/share/four_diff_drive_description/package.ps1'
[5.203s] INFO:colcon.colcon_core.shell:Creating package descriptor '/home/orinnano/Desktop/IAST_stuff_2_test/install/four_diff_drive_description/share/four_diff_drive_description/package.dsv'
[5.209s] INFO:colcon.colcon_core.shell:Creating package script '/home/orinnano/Desktop/IAST_stuff_2_test/install/four_diff_drive_description/share/four_diff_drive_description/package.sh'
[5.215s] INFO:colcon.colcon_core.shell:Creating package script '/home/orinnano/Desktop/IAST_stuff_2_test/install/four_diff_drive_description/share/four_diff_drive_description/package.bash'
[5.224s] INFO:colcon.colcon_core.shell:Creating package script '/home/orinnano/Desktop/IAST_stuff_2_test/install/four_diff_drive_description/share/four_diff_drive_description/package.zsh'
[5.231s] Level 1:colcon.colcon_core.environment:create_file_with_runtime_dependencies(/home/orinnano/Desktop/IAST_stuff_2_test/install/four_diff_drive_description/share/colcon-core/packages/four_diff_drive_description)
[5.232s] DEBUG:colcon.colcon_parallel_executor.executor.parallel:closing loop
[5.233s] DEBUG:colcon.colcon_parallel_executor.executor.parallel:loop closed
[5.233s] DEBUG:colcon.colcon_parallel_executor.executor.parallel:run_until_complete finished with '0'
[5.233s] DEBUG:colcon.colcon_core.event_reactor:joining thread
[5.258s] INFO:colcon.colcon_core.plugin_system:Skipping extension 'colcon_notification.desktop_notification.terminal_notifier': Not used on non-Darwin systems
[5.259s] INFO:colcon.colcon_core.plugin_system:Skipping extension 'colcon_notification.desktop_notification.win32': Not used on non-Windows systems
[5.259s] INFO:colcon.colcon_notification.desktop_notification:Sending desktop notification using 'notify2'
[5.322s] DEBUG:colcon.colcon_core.event_reactor:joined thread
[5.323s] INFO:colcon.colcon_core.shell:Creating prefix script '/home/orinnano/Desktop/IAST_stuff_2_test/install/local_setup.ps1'
[5.328s] INFO:colcon.colcon_core.shell:Creating prefix util module '/home/orinnano/Desktop/IAST_stuff_2_test/install/_local_setup_util_ps1.py'
[5.339s] INFO:colcon.colcon_core.shell:Creating prefix chain script '/home/orinnano/Desktop/IAST_stuff_2_test/install/setup.ps1'
[5.350s] INFO:colcon.colcon_core.shell:Creating prefix script '/home/orinnano/Desktop/IAST_stuff_2_test/install/local_setup.sh'
[5.355s] INFO:colcon.colcon_core.shell:Creating prefix util module '/home/orinnano/Desktop/IAST_stuff_2_test/install/_local_setup_util_sh.py'
[5.358s] INFO:colcon.colcon_core.shell:Creating prefix chain script '/home/orinnano/Desktop/IAST_stuff_2_test/install/setup.sh'
[5.363s] INFO:colcon.colcon_core.shell:Creating prefix script '/home/orinnano/Desktop/IAST_stuff_2_test/install/local_setup.bash'
[5.369s] INFO:colcon.colcon_core.shell:Creating prefix chain script '/home/orinnano/Desktop/IAST_stuff_2_test/install/setup.bash'
[5.375s] INFO:colcon.colcon_core.shell:Creating prefix script '/home/orinnano/Desktop/IAST_stuff_2_test/install/local_setup.zsh'
[5.381s] INFO:colcon.colcon_core.shell:Creating prefix chain script '/home/orinnano/Desktop/IAST_stuff_2_test/install/setup.zsh'
