[1.354s] Invoking command in '/home/orinnano/IAST_stuff_2_test/src/four_diff_drive_description': PYTHONPATH=/home/orinnano/IAST_stuff_2_test/build/four_diff_drive_description/prefix_override:/usr/lib/python3/dist-packages/colcon_core/task/python/colcon_distutils_commands:/home/orinnano/IAST_stuff_2_test/install/four_diff_drive_description/lib/python3.10/site-packages:${PYTHONPATH} /usr/bin/python3 -W ignore:setup.py install is deprecated setup.py egg_info --egg-base ../../build/four_diff_drive_description build --build-base /home/orinnano/IAST_stuff_2_test/build/four_diff_drive_description/build install --record /home/orinnano/IAST_stuff_2_test/build/four_diff_drive_description/install.log --single-version-externally-managed install_data
[1.873s] running egg_info
[1.874s] creating ../../build/four_diff_drive_description/four_diff_drive_description.egg-info
[1.875s] writing ../../build/four_diff_drive_description/four_diff_drive_description.egg-info/PKG-INFO
[1.875s] writing dependency_links to ../../build/four_diff_drive_description/four_diff_drive_description.egg-info/dependency_links.txt
[1.876s] writing entry points to ../../build/four_diff_drive_description/four_diff_drive_description.egg-info/entry_points.txt
[1.876s] writing requirements to ../../build/four_diff_drive_description/four_diff_drive_description.egg-info/requires.txt
[1.876s] writing top-level names to ../../build/four_diff_drive_description/four_diff_drive_description.egg-info/top_level.txt
[1.876s] writing manifest file '../../build/four_diff_drive_description/four_diff_drive_description.egg-info/SOURCES.txt'
[1.880s] reading manifest file '../../build/four_diff_drive_description/four_diff_drive_description.egg-info/SOURCES.txt'
[1.882s] writing manifest file '../../build/four_diff_drive_description/four_diff_drive_description.egg-info/SOURCES.txt'
[1.882s] running build
[1.882s] running build_py
[1.882s] creating /home/orinnano/IAST_stuff_2_test/build/four_diff_drive_description/build
[1.882s] creating /home/orinnano/IAST_stuff_2_test/build/four_diff_drive_description/build/lib
[1.883s] creating /home/orinnano/IAST_stuff_2_test/build/four_diff_drive_description/build/lib/four_diff_drive_description
[1.883s] copying four_diff_drive_description/key_control.py -> /home/orinnano/IAST_stuff_2_test/build/four_diff_drive_description/build/lib/four_diff_drive_description
[1.883s] copying four_diff_drive_description/__init__.py -> /home/orinnano/IAST_stuff_2_test/build/four_diff_drive_description/build/lib/four_diff_drive_description
[1.883s] running install
[1.884s] running install_lib
[1.886s] creating /home/orinnano/IAST_stuff_2_test/install/four_diff_drive_description/lib/python3.10/site-packages/four_diff_drive_description
[1.886s] copying /home/orinnano/IAST_stuff_2_test/build/four_diff_drive_description/build/lib/four_diff_drive_description/key_control.py -> /home/orinnano/IAST_stuff_2_test/install/four_diff_drive_description/lib/python3.10/site-packages/four_diff_drive_description
[1.886s] copying /home/orinnano/IAST_stuff_2_test/build/four_diff_drive_description/build/lib/four_diff_drive_description/__init__.py -> /home/orinnano/IAST_stuff_2_test/install/four_diff_drive_description/lib/python3.10/site-packages/four_diff_drive_description
[1.887s] byte-compiling /home/orinnano/IAST_stuff_2_test/install/four_diff_drive_description/lib/python3.10/site-packages/four_diff_drive_description/key_control.py to key_control.cpython-310.pyc
[1.888s] byte-compiling /home/orinnano/IAST_stuff_2_test/install/four_diff_drive_description/lib/python3.10/site-packages/four_diff_drive_description/__init__.py to __init__.cpython-310.pyc
[1.889s] running install_data
[1.889s] creating /home/orinnano/IAST_stuff_2_test/install/four_diff_drive_description/share/ament_index
[1.889s] creating /home/orinnano/IAST_stuff_2_test/install/four_diff_drive_description/share/ament_index/resource_index
[1.889s] creating /home/orinnano/IAST_stuff_2_test/install/four_diff_drive_description/share/ament_index/resource_index/packages
[1.889s] copying resource/four_diff_drive_description -> /home/orinnano/IAST_stuff_2_test/install/four_diff_drive_description/share/ament_index/resource_index/packages
[1.890s] copying package.xml -> /home/orinnano/IAST_stuff_2_test/install/four_diff_drive_description/share/four_diff_drive_description
[1.890s] creating /home/orinnano/IAST_stuff_2_test/install/four_diff_drive_description/share/four_diff_drive_description/launch
[1.890s] copying launch/ros_ign_bridge.launch.py -> /home/orinnano/IAST_stuff_2_test/install/four_diff_drive_description/share/four_diff_drive_description/launch
[1.890s] copying launch/display.launch.py -> /home/orinnano/IAST_stuff_2_test/install/four_diff_drive_description/share/four_diff_drive_description/launch
[1.890s] copying launch/gazebo.launch.py -> /home/orinnano/IAST_stuff_2_test/install/four_diff_drive_description/share/four_diff_drive_description/launch
[1.891s] creating /home/orinnano/IAST_stuff_2_test/install/four_diff_drive_description/share/four_diff_drive_description/urdf
[1.891s] copying urdf/four_diff_drive.urdf -> /home/orinnano/IAST_stuff_2_test/install/four_diff_drive_description/share/four_diff_drive_description/urdf
[1.891s] copying urdf/four_diff_drive_updated.urdf -> /home/orinnano/IAST_stuff_2_test/install/four_diff_drive_description/share/four_diff_drive_description/urdf
[1.891s] copying urdf/four_diff_drive.gazebo -> /home/orinnano/IAST_stuff_2_test/install/four_diff_drive_description/share/four_diff_drive_description/urdf
[1.891s] copying urdf/four_diff_drive.xacro -> /home/orinnano/IAST_stuff_2_test/install/four_diff_drive_description/share/four_diff_drive_description/urdf
[1.892s] copying urdf/four_diff_drive.trans -> /home/orinnano/IAST_stuff_2_test/install/four_diff_drive_description/share/four_diff_drive_description/urdf
[1.892s] copying urdf/materials.xacro -> /home/orinnano/IAST_stuff_2_test/install/four_diff_drive_description/share/four_diff_drive_description/urdf
[1.892s] creating /home/orinnano/IAST_stuff_2_test/install/four_diff_drive_description/share/four_diff_drive_description/meshes
[1.892s] copying meshes/rr_wheel_1_1.stl -> /home/orinnano/IAST_stuff_2_test/install/four_diff_drive_description/share/four_diff_drive_description/meshes
[1.895s] copying meshes/fl_wheel_1_1.stl -> /home/orinnano/IAST_stuff_2_test/install/four_diff_drive_description/share/four_diff_drive_description/meshes
[1.898s] copying meshes/fr_wheel_1_1.stl -> /home/orinnano/IAST_stuff_2_test/install/four_diff_drive_description/share/four_diff_drive_description/meshes
[1.901s] copying meshes/rl_wheel_1_1.stl -> /home/orinnano/IAST_stuff_2_test/install/four_diff_drive_description/share/four_diff_drive_description/meshes
[1.904s] copying meshes/base_link.stl -> /home/orinnano/IAST_stuff_2_test/install/four_diff_drive_description/share/four_diff_drive_description/meshes
[1.914s] creating /home/orinnano/IAST_stuff_2_test/install/four_diff_drive_description/share/four_diff_drive_description/config
[1.914s] copying config/controller.yaml -> /home/orinnano/IAST_stuff_2_test/install/four_diff_drive_description/share/four_diff_drive_description/config
[1.914s] copying config/display.rviz -> /home/orinnano/IAST_stuff_2_test/install/four_diff_drive_description/share/four_diff_drive_description/config
[1.914s] creating /home/orinnano/IAST_stuff_2_test/install/four_diff_drive_description/share/four_diff_drive_description/models
[1.914s] creating /home/orinnano/IAST_stuff_2_test/install/four_diff_drive_description/share/four_diff_drive_description/models/worlds
[1.915s] copying models/worlds/empty_world.sdf -> /home/orinnano/IAST_stuff_2_test/install/four_diff_drive_description/share/four_diff_drive_description/models/worlds
[1.916s] copying models/worlds/world_only.sdf -> /home/orinnano/IAST_stuff_2_test/install/four_diff_drive_description/share/four_diff_drive_description/models/worlds
[1.916s] creating /home/orinnano/IAST_stuff_2_test/install/four_diff_drive_description/share/four_diff_drive_description/models/four_diff_drive
[1.917s] copying models/four_diff_drive/four_diff_drive.sdf -> /home/orinnano/IAST_stuff_2_test/install/four_diff_drive_description/share/four_diff_drive_description/models/four_diff_drive
[1.917s] running install_egg_info
[1.923s] Copying ../../build/four_diff_drive_description/four_diff_drive_description.egg-info to /home/orinnano/IAST_stuff_2_test/install/four_diff_drive_description/lib/python3.10/site-packages/four_diff_drive_description-0.0.0-py3.10.egg-info
[1.925s] running install_scripts
[1.966s] Installing robot_mover script to /home/orinnano/IAST_stuff_2_test/install/four_diff_drive_description/lib/four_diff_drive_description
[1.967s] writing list of installed files to '/home/orinnano/IAST_stuff_2_test/build/four_diff_drive_description/install.log'
[2.032s] Invoked command in '/home/orinnano/IAST_stuff_2_test/src/four_diff_drive_description' returned '0': PYTHONPATH=/home/orinnano/IAST_stuff_2_test/build/four_diff_drive_description/prefix_override:/usr/lib/python3/dist-packages/colcon_core/task/python/colcon_distutils_commands:/home/orinnano/IAST_stuff_2_test/install/four_diff_drive_description/lib/python3.10/site-packages:${PYTHONPATH} /usr/bin/python3 -W ignore:setup.py install is deprecated setup.py egg_info --egg-base ../../build/four_diff_drive_description build --build-base /home/orinnano/IAST_stuff_2_test/build/four_diff_drive_description/build install --record /home/orinnano/IAST_stuff_2_test/build/four_diff_drive_description/install.log --single-version-externally-managed install_data
