[1.382s] Invoking command in '/home/orinnano/Desktop/IAST_stuff_2_test/src/four_diff_drive_description': PYTHONPATH=/home/orinnano/Desktop/IAST_stuff_2_test/build/four_diff_drive_description/prefix_override:/usr/lib/python3/dist-packages/colcon_core/task/python/colcon_distutils_commands:/home/orinnano/Desktop/IAST_stuff_2_test/install/four_diff_drive_description/lib/python3.10/site-packages:${PYTHONPATH} /usr/bin/python3 -W ignore:setup.py install is deprecated setup.py egg_info --egg-base ../../build/four_diff_drive_description build --build-base /home/orinnano/Desktop/IAST_stuff_2_test/build/four_diff_drive_description/build install --record /home/orinnano/Desktop/IAST_stuff_2_test/build/four_diff_drive_description/install.log --single-version-externally-managed install_data
[1.923s] running egg_info
[1.925s] writing ../../build/four_diff_drive_description/four_diff_drive_description.egg-info/PKG-INFO
[1.925s] writing dependency_links to ../../build/four_diff_drive_description/four_diff_drive_description.egg-info/dependency_links.txt
[1.926s] writing entry points to ../../build/four_diff_drive_description/four_diff_drive_description.egg-info/entry_points.txt
[1.926s] writing requirements to ../../build/four_diff_drive_description/four_diff_drive_description.egg-info/requires.txt
[1.926s] writing top-level names to ../../build/four_diff_drive_description/four_diff_drive_description.egg-info/top_level.txt
[1.930s] reading manifest file '../../build/four_diff_drive_description/four_diff_drive_description.egg-info/SOURCES.txt'
[1.933s] writing manifest file '../../build/four_diff_drive_description/four_diff_drive_description.egg-info/SOURCES.txt'
[1.933s] running build
[1.933s] running build_py
[1.934s] running install
[1.934s] running install_lib
[1.937s] running install_data
[1.937s] copying launch/ros_ign_bridge.launch.py -> /home/orinnano/Desktop/IAST_stuff_2_test/install/four_diff_drive_description/share/four_diff_drive_description/launch
[1.939s] running install_egg_info
[1.947s] removing '/home/orinnano/Desktop/IAST_stuff_2_test/install/four_diff_drive_description/lib/python3.10/site-packages/four_diff_drive_description-0.0.0-py3.10.egg-info' (and everything under it)
[1.948s] Copying ../../build/four_diff_drive_description/four_diff_drive_description.egg-info to /home/orinnano/Desktop/IAST_stuff_2_test/install/four_diff_drive_description/lib/python3.10/site-packages/four_diff_drive_description-0.0.0-py3.10.egg-info
[1.950s] running install_scripts
[1.991s] Installing robot_mover script to /home/orinnano/Desktop/IAST_stuff_2_test/install/four_diff_drive_description/lib/four_diff_drive_description
[1.992s] writing list of installed files to '/home/orinnano/Desktop/IAST_stuff_2_test/build/four_diff_drive_description/install.log'
[2.059s] Invoked command in '/home/orinnano/Desktop/IAST_stuff_2_test/src/four_diff_drive_description' returned '0': PYTHONPATH=/home/orinnano/Desktop/IAST_stuff_2_test/build/four_diff_drive_description/prefix_override:/usr/lib/python3/dist-packages/colcon_core/task/python/colcon_distutils_commands:/home/orinnano/Desktop/IAST_stuff_2_test/install/four_diff_drive_description/lib/python3.10/site-packages:${PYTHONPATH} /usr/bin/python3 -W ignore:setup.py install is deprecated setup.py egg_info --egg-base ../../build/four_diff_drive_description build --build-base /home/orinnano/Desktop/IAST_stuff_2_test/build/four_diff_drive_description/build install --record /home/orinnano/Desktop/IAST_stuff_2_test/build/four_diff_drive_description/install.log --single-version-externally-managed install_data
